# JRE version: OpenJDK Runtime Environment Temurin-21.0.8+9 (21.0.8+9) (build 21.0.8+9-LTS)
# Java VM: OpenJDK 64-Bit Server VM Temurin-21.0.8+9 (21.0.8+9-LTS, mixed mode, sharing, tiered, compressed oops, compressed class ptrs, parallel gc, windows-amd64)
GC Precious Log:
 CardTable entry size: 512
 CPUs: 12 total, 12 available
 Memory: 7525M
 Large Page Support: Disabled
 NUMA Support: Disabled
 Compressed Oops: Enabled (32-bit)
 Alignments: Space 512K, Generation 512K, Heap 2M
 Heap Min Capacity: 100M
 Heap Initial Capacity: 100M
 Heap Max Capacity: 2G
 Pre-touch: Disabled
 Parallel Workers: 10
Heap:
 PSYoungGen      total 8192K, used 5933K [0x00000000d5580000, 0x00000000d5e80000, 0x0000000100000000)
  eden space 7168K, 75% used [0x00000000d5580000,0x00000000d5ac1a38,0x00000000d5c80000)
  from space 1024K, 53% used [0x00000000d5d80000,0x00000000d5e09a50,0x00000000d5e80000)
  to   space 1024K, 0% used [0x00000000d5c80000,0x00000000d5c80000,0x00000000d5d80000)
 ParOldGen       total 674304K, used 673910K [0x0000000080000000, 0x00000000a9280000, 0x00000000d5580000)
  object space 674304K, 99% used [0x0000000080000000,0x00000000a921d908,0x00000000a9280000)
 Metaspace       used 65124K, committed 66432K, reserved 1114112K
  class space    used 7406K, committed 8000K, reserved 1048576K
GC Heap History (20 events):
Event: 104.785 GC heap before
{Heap before GC invocations=2681 (full 5):
 PSYoungGen      total 6144K, used 5728K [0x00000000d5580000, 0x00000000d5d80000, 0x0000000100000000)
  eden space 5120K, 100% used [0x00000000d5580000,0x00000000d5a80000,0x00000000d5a80000)
  from space 1024K, 59% used [0x00000000d5a80000,0x00000000d5b18000,0x00000000d5b80000)
  to   space 1024K, 0% used [0x00000000d5c80000,0x00000000d5c80000,0x00000000d5d80000)
 ParOldGen       total 665600K, used 665278K [0x0000000080000000, 0x00000000a8a00000, 0x00000000d5580000)
  object space 665600K, 99% used [0x0000000080000000,0x00000000a89af908,0x00000000a8a00000)
 Metaspace       used 65124K, committed 66432K, reserved 1114112K
  class space    used 7406K, committed 8000K, reserved 1048576K
}
Event: 104.786 GC heap after
{Heap after GC invocations=2681 (full 5):
 PSYoungGen      total 6144K, used 765K [0x00000000d5580000, 0x00000000d5d80000, 0x0000000100000000)
  eden space 5120K, 0% used [0x00000000d5580000,0x00000000d5580000,0x00000000d5a80000)
  from space 1024K, 74% used [0x00000000d5c80000,0x00000000d5d3f690,0x00000000d5d80000)
  to   space 1024K, 0% used [0x00000000d5a80000,0x00000000d5a80000,0x00000000d5b80000)
 ParOldGen       total 666112K, used 665766K [0x0000000080000000, 0x00000000a8a80000, 0x00000000d5580000)
  object space 666112K, 99% used [0x0000000080000000,0x00000000a8a29908,0x00000000a8a80000)
 Metaspace       used 65124K, committed 66432K, reserved 1114112K
  class space    used 7406K, committed 8000K, reserved 1048576K
}
Event: 104.794 GC heap before
{Heap before GC invocations=2682 (full 5):
 PSYoungGen      total 6144K, used 5885K [0x00000000d5580000, 0x00000000d5d80000, 0x0000000100000000)
  eden space 5120K, 100% used [0x00000000d5580000,0x00000000d5a80000,0x00000000d5a80000)
  from space 1024K, 74% used [0x00000000d5c80000,0x00000000d5d3f690,0x00000000d5d80000)
  to   space 1024K, 0% used [0x00000000d5a80000,0x00000000d5a80000,0x00000000d5b80000)
 ParOldGen       total 666112K, used 665766K [0x0000000080000000, 0x00000000a8a80000, 0x00000000d5580000)
  object space 666112K, 99% used [0x0000000080000000,0x00000000a8a29908,0x00000000a8a80000)
 Metaspace       used 65124K, committed 66432K, reserved 1114112K
  class space    used 7406K, committed 8000K, reserved 1048576K
}
Event: 104.796 GC heap after
{Heap after GC invocations=2682 (full 5):
 PSYoungGen      total 6144K, used 913K [0x00000000d5580000, 0x00000000d5d80000, 0x0000000100000000)
  eden space 5120K, 0% used [0x00000000d5580000,0x00000000d5580000,0x00000000d5a80000)
  from space 1024K, 89% used [0x00000000d5a80000,0x00000000d5b64580,0x00000000d5b80000)
  to   space 1024K, 0% used [0x00000000d5c80000,0x00000000d5c80000,0x00000000d5d80000)
 ParOldGen       total 666624K, used 666286K [0x0000000080000000, 0x00000000a8b00000, 0x00000000d5580000)
  object space 666624K, 99% used [0x0000000080000000,0x00000000a8aab908,0x00000000a8b00000)
 Metaspace       used 65124K, committed 66432K, reserved 1114112K
  class space    used 7406K, committed 8000K, reserved 1048576K
}
Event: 104.804 GC heap before
{Heap before GC invocations=2683 (full 5):
 PSYoungGen      total 6144K, used 6033K [0x00000000d5580000, 0x00000000d5d80000, 0x0000000100000000)
  eden space 5120K, 100% used [0x00000000d5580000,0x00000000d5a80000,0x00000000d5a80000)
  from space 1024K, 89% used [0x00000000d5a80000,0x00000000d5b64580,0x00000000d5b80000)
  to   space 1024K, 0% used [0x00000000d5c80000,0x00000000d5c80000,0x00000000d5d80000)
 ParOldGen       total 666624K, used 666286K [0x0000000080000000, 0x00000000a8b00000, 0x00000000d5580000)
  object space 666624K, 99% used [0x0000000080000000,0x00000000a8aab908,0x00000000a8b00000)
 Metaspace       used 65124K, committed 66432K, reserved 1114112K
  class space    used 7406K, committed 8000K, reserved 1048576K
}
Event: 104.807 GC heap after
{Heap after GC invocations=2683 (full 5):
 PSYoungGen      total 7168K, used 716K [0x00000000d5580000, 0x00000000d5d80000, 0x0000000100000000)
  eden space 6144K, 0% used [0x00000000d5580000,0x00000000d5580000,0x00000000d5b80000)
  from space 1024K, 69% used [0x00000000d5c80000,0x00000000d5d33320,0x00000000d5d80000)
  to   space 1024K, 0% used [0x00000000d5b80000,0x00000000d5b80000,0x00000000d5c80000)
 ParOldGen       total 667136K, used 666942K [0x0000000080000000, 0x00000000a8b80000, 0x00000000d5580000)
  object space 667136K, 99% used [0x0000000080000000,0x00000000a8b4f908,0x00000000a8b80000)
 Metaspace       used 65124K, committed 66432K, reserved 1114112K
  class space    used 7406K, committed 8000K, reserved 1048576K
}
Event: 104.816 GC heap before
{Heap before GC invocations=2684 (full 5):
 PSYoungGen      total 7168K, used 6835K [0x00000000d5580000, 0x00000000d5d80000, 0x0000000100000000)
  eden space 6144K, 99% used [0x00000000d5580000,0x00000000d5b79c20,0x00000000d5b80000)
  from space 1024K, 69% used [0x00000000d5c80000,0x00000000d5d33320,0x00000000d5d80000)
  to   space 1024K, 0% used [0x00000000d5b80000,0x00000000d5b80000,0x00000000d5c80000)
 ParOldGen       total 667136K, used 666942K [0x0000000080000000, 0x00000000a8b80000, 0x00000000d5580000)
  object space 667136K, 99% used [0x0000000080000000,0x00000000a8b4f908,0x00000000a8b80000)
 Metaspace       used 65124K, committed 66432K, reserved 1114112K
  class space    used 7406K, committed 8000K, reserved 1048576K
}
Event: 104.818 GC heap after
{Heap after GC invocations=2684 (full 5):
 PSYoungGen      total 7168K, used 754K [0x00000000d5580000, 0x00000000d5f00000, 0x0000000100000000)
  eden space 6144K, 0% used [0x00000000d5580000,0x00000000d5580000,0x00000000d5b80000)
  from space 1024K, 73% used [0x00000000d5b80000,0x00000000d5c3cb18,0x00000000d5c80000)
  to   space 1024K, 0% used [0x00000000d5e00000,0x00000000d5e00000,0x00000000d5f00000)
 ParOldGen       total 667648K, used 667478K [0x0000000080000000, 0x00000000a8c00000, 0x00000000d5580000)
  object space 667648K, 99% used [0x0000000080000000,0x00000000a8bd5908,0x00000000a8c00000)
 Metaspace       used 65124K, committed 66432K, reserved 1114112K
  class space    used 7406K, committed 8000K, reserved 1048576K
}
Event: 104.828 GC heap before
{Heap before GC invocations=2685 (full 5):
 PSYoungGen      total 7168K, used 6898K [0x00000000d5580000, 0x00000000d5f00000, 0x0000000100000000)
  eden space 6144K, 100% used [0x00000000d5580000,0x00000000d5b80000,0x00000000d5b80000)
  from space 1024K, 73% used [0x00000000d5b80000,0x00000000d5c3cb18,0x00000000d5c80000)
  to   space 1024K, 0% used [0x00000000d5e00000,0x00000000d5e00000,0x00000000d5f00000)
 ParOldGen       total 667648K, used 667478K [0x0000000080000000, 0x00000000a8c00000, 0x00000000d5580000)
  object space 667648K, 99% used [0x0000000080000000,0x00000000a8bd5908,0x00000000a8c00000)
 Metaspace       used 65124K, committed 66432K, reserved 1114112K
  class space    used 7406K, committed 8000K, reserved 1048576K
}
Event: 104.830 GC heap after
{Heap after GC invocations=2685 (full 5):
 PSYoungGen      total 8704K, used 672K [0x00000000d5580000, 0x00000000d5f00000, 0x0000000100000000)
  eden space 7680K, 0% used [0x00000000d5580000,0x00000000d5580000,0x00000000d5d00000)
  from space 1024K, 65% used [0x00000000d5e00000,0x00000000d5ea8000,0x00000000d5f00000)
  to   space 1024K, 0% used [0x00000000d5d00000,0x00000000d5d00000,0x00000000d5e00000)
 ParOldGen       total 668160K, used 668126K [0x0000000080000000, 0x00000000a8c80000, 0x00000000d5580000)
  object space 668160K, 99% used [0x0000000080000000,0x00000000a8c77908,0x00000000a8c80000)
 Metaspace       used 65124K, committed 66432K, reserved 1114112K
  class space    used 7406K, committed 8000K, reserved 1048576K
}
Event: 104.842 GC heap before
{Heap before GC invocations=2686 (full 5):
 PSYoungGen      total 8704K, used 8352K [0x00000000d5580000, 0x00000000d5f00000, 0x0000000100000000)
  eden space 7680K, 100% used [0x00000000d5580000,0x00000000d5d00000,0x00000000d5d00000)
  from space 1024K, 65% used [0x00000000d5e00000,0x00000000d5ea8000,0x00000000d5f00000)
  to   space 1024K, 0% used [0x00000000d5d00000,0x00000000d5d00000,0x00000000d5e00000)
 ParOldGen       total 668160K, used 668126K [0x0000000080000000, 0x00000000a8c80000, 0x00000000d5580000)
  object space 668160K, 99% used [0x0000000080000000,0x00000000a8c77908,0x00000000a8c80000)
 Metaspace       used 65124K, committed 66432K, reserved 1114112K
  class space    used 7406K, committed 8000K, reserved 1048576K
}
Event: 104.844 GC heap after
{Heap after GC invocations=2686 (full 5):
 PSYoungGen      total 8704K, used 864K [0x00000000d5580000, 0x00000000d5f00000, 0x0000000100000000)
  eden space 7680K, 0% used [0x00000000d5580000,0x00000000d5580000,0x00000000d5d00000)
  from space 1024K, 84% used [0x00000000d5d00000,0x00000000d5dd8000,0x00000000d5e00000)
  to   space 1024K, 0% used [0x00000000d5e00000,0x00000000d5e00000,0x00000000d5f00000)
 ParOldGen       total 668672K, used 668638K [0x0000000080000000, 0x00000000a8d00000, 0x00000000d5580000)
  object space 668672K, 99% used [0x0000000080000000,0x00000000a8cf7908,0x00000000a8d00000)
 Metaspace       used 65124K, committed 66432K, reserved 1114112K
  class space    used 7406K, committed 8000K, reserved 1048576K
}
Event: 104.856 GC heap before
{Heap before GC invocations=2687 (full 5):
 PSYoungGen      total 8704K, used 8544K [0x00000000d5580000, 0x00000000d5f00000, 0x0000000100000000)
  eden space 7680K, 100% used [0x00000000d5580000,0x00000000d5d00000,0x00000000d5d00000)
  from space 1024K, 84% used [0x00000000d5d00000,0x00000000d5dd8000,0x00000000d5e00000)
  to   space 1024K, 0% used [0x00000000d5e00000,0x00000000d5e00000,0x00000000d5f00000)
 ParOldGen       total 668672K, used 668638K [0x0000000080000000, 0x00000000a8d00000, 0x00000000d5580000)
  object space 668672K, 99% used [0x0000000080000000,0x00000000a8cf7908,0x00000000a8d00000)
 Metaspace       used 65124K, committed 66432K, reserved 1114112K
  class space    used 7406K, committed 8000K, reserved 1048576K
}
Event: 104.858 GC heap after
{Heap after GC invocations=2687 (full 5):
 PSYoungGen      total 8192K, used 1024K [0x00000000d5580000, 0x00000000d6000000, 0x0000000100000000)
  eden space 7168K, 0% used [0x00000000d5580000,0x00000000d5580000,0x00000000d5c80000)
  from space 1024K, 100% used [0x00000000d5e00000,0x00000000d5f00000,0x00000000d5f00000)
  to   space 1536K, 0% used [0x00000000d5c80000,0x00000000d5c80000,0x00000000d5e00000)
 ParOldGen       total 669696K, used 669422K [0x0000000080000000, 0x00000000a8e00000, 0x00000000d5580000)
  object space 669696K, 99% used [0x0000000080000000,0x00000000a8dbb908,0x00000000a8e00000)
 Metaspace       used 65124K, committed 66432K, reserved 1114112K
  class space    used 7406K, committed 8000K, reserved 1048576K
}
Event: 104.870 GC heap before
{Heap before GC invocations=2688 (full 5):
 PSYoungGen      total 8192K, used 8192K [0x00000000d5580000, 0x00000000d6000000, 0x0000000100000000)
  eden space 7168K, 100% used [0x00000000d5580000,0x00000000d5c80000,0x00000000d5c80000)
  from space 1024K, 100% used [0x00000000d5e00000,0x00000000d5f00000,0x00000000d5f00000)
  to   space 1536K, 0% used [0x00000000d5c80000,0x00000000d5c80000,0x00000000d5e00000)
 ParOldGen       total 669696K, used 669422K [0x0000000080000000, 0x00000000a8e00000, 0x00000000d5580000)
  object space 669696K, 99% used [0x0000000080000000,0x00000000a8dbb908,0x00000000a8e00000)
 Metaspace       used 65124K, committed 66432K, reserved 1114112K
  class space    used 7406K, committed 8000K, reserved 1048576K
}
Event: 104.871 GC heap after
{Heap after GC invocations=2688 (full 5):
 PSYoungGen      total 8192K, used 928K [0x00000000d5580000, 0x00000000d5e80000, 0x0000000100000000)
  eden space 7168K, 0% used [0x00000000d5580000,0x00000000d5580000,0x00000000d5c80000)
  from space 1024K, 90% used [0x00000000d5c80000,0x00000000d5d68000,0x00000000d5d80000)
  to   space 1024K, 0% used [0x00000000d5d80000,0x00000000d5d80000,0x00000000d5e80000)
 ParOldGen       total 670720K, used 670358K [0x0000000080000000, 0x00000000a8f00000, 0x00000000d5580000)
  object space 670720K, 99% used [0x0000000080000000,0x00000000a8ea5908,0x00000000a8f00000)
 Metaspace       used 65124K, committed 66432K, reserved 1114112K
  class space    used 7406K, committed 8000K, reserved 1048576K
}
Event: 104.884 GC heap before
{Heap before GC invocations=2689 (full 5):
 PSYoungGen      total 8192K, used 8096K [0x00000000d5580000, 0x00000000d5e80000, 0x0000000100000000)
  eden space 7168K, 100% used [0x00000000d5580000,0x00000000d5c80000,0x00000000d5c80000)
  from space 1024K, 90% used [0x00000000d5c80000,0x00000000d5d68000,0x00000000d5d80000)
  to   space 1024K, 0% used [0x00000000d5d80000,0x00000000d5d80000,0x00000000d5e80000)
 ParOldGen       total 670720K, used 670358K [0x0000000080000000, 0x00000000a8f00000, 0x00000000d5580000)
  object space 670720K, 99% used [0x0000000080000000,0x00000000a8ea5908,0x00000000a8f00000)
 Metaspace       used 65124K, committed 66432K, reserved 1114112K
  class space    used 7406K, committed 8000K, reserved 1048576K
}
Event: 104.886 GC heap after
{Heap after GC invocations=2689 (full 5):
 PSYoungGen      total 8192K, used 736K [0x00000000d5580000, 0x00000000d5e80000, 0x0000000100000000)
  eden space 7168K, 0% used [0x00000000d5580000,0x00000000d5580000,0x00000000d5c80000)
  from space 1024K, 71% used [0x00000000d5d80000,0x00000000d5e38000,0x00000000d5e80000)
  to   space 1024K, 0% used [0x00000000d5c80000,0x00000000d5c80000,0x00000000d5d80000)
 ParOldGen       total 671232K, used 671126K [0x0000000080000000, 0x00000000a8f80000, 0x00000000d5580000)
  object space 671232K, 99% used [0x0000000080000000,0x00000000a8f65908,0x00000000a8f80000)
 Metaspace       used 65124K, committed 66432K, reserved 1114112K
  class space    used 7406K, committed 8000K, reserved 1048576K
}
Event: 104.898 GC heap before
{Heap before GC invocations=2690 (full 5):
 PSYoungGen      total 8192K, used 7904K [0x00000000d5580000, 0x00000000d5e80000, 0x0000000100000000)
  eden space 7168K, 100% used [0x00000000d5580000,0x00000000d5c80000,0x00000000d5c80000)
  from space 1024K, 71% used [0x00000000d5d80000,0x00000000d5e38000,0x00000000d5e80000)
  to   space 1024K, 0% used [0x00000000d5c80000,0x00000000d5c80000,0x00000000d5d80000)
 ParOldGen       total 671232K, used 671126K [0x0000000080000000, 0x00000000a8f80000, 0x00000000d5580000)
  object space 671232K, 99% used [0x0000000080000000,0x00000000a8f65908,0x00000000a8f80000)
 Metaspace       used 65124K, committed 66432K, reserved 1114112K
  class space    used 7406K, committed 8000K, reserved 1048576K
}
Event: 104.900 GC heap after
{Heap after GC invocations=2690 (full 5):
 PSYoungGen      total 8192K, used 922K [0x00000000d5580000, 0x00000000d5e80000, 0x0000000100000000)
  eden space 7168K, 0% used [0x00000000d5580000,0x00000000d5580000,0x00000000d5c80000)
  from space 1024K, 90% used [0x00000000d5c80000,0x00000000d5d66ae0,0x00000000d5d80000)
  to   space 1024K, 0% used [0x00000000d5d80000,0x00000000d5d80000,0x00000000d5e80000)
 ParOldGen       total 672256K, used 671766K [0x0000000080000000, 0x00000000a9080000, 0x00000000d5580000)
  object space 672256K, 99% used [0x0000000080000000,0x00000000a9005908,0x00000000a9080000)
 Metaspace       used 65124K, committed 66432K, reserved 1114112K
  class space    used 7406K, committed 8000K, reserved 1048576K
}

