# JRE version: OpenJDK Runtime Environment Temurin-21.0.8+9 (21.0.8+9) (build 21.0.8+9-LTS)
# Java VM: OpenJDK 64-Bit Server VM Temurin-21.0.8+9 (21.0.8+9-LTS, mixed mode, sharing, tiered, compressed oops, compressed class ptrs, parallel gc, windows-amd64)
GC Precious Log:
 CardTable entry size: 512
 CPUs: 12 total, 12 available
 Memory: 7525M
 Large Page Support: Disabled
 NUMA Support: Disabled
 Compressed Oops: Enabled (32-bit)
 Alignments: Space 512K, Generation 512K, Heap 2M
 Heap Min Capacity: 100M
 Heap Initial Capacity: 100M
 Heap Max Capacity: 2G
 Pre-touch: Disabled
 Parallel Workers: 10
Heap:
 PSYoungGen      total 8704K, used 3996K [0x00000000d5580000, 0x00000000d6000000, 0x0000000100000000)
  eden space 5120K, 73% used [0x00000000d5580000,0x00000000d592f250,0x00000000d5a80000)
  from space 3584K, 6% used [0x00000000d5a80000,0x00000000d5ab8000,0x00000000d5e00000)
  to   space 1536K, 0% used [0x00000000d5e80000,0x00000000d5e80000,0x00000000d6000000)
 ParOldGen       total 1067520K, used 1067446K [0x0000000080000000, 0x00000000c1280000, 0x00000000d5580000)
  object space 1067520K, 99% used [0x0000000080000000,0x00000000c126d8d8,0x00000000c1280000)
 Metaspace       used 66569K, committed 68032K, reserved 1114112K
  class space    used 7535K, committed 8192K, reserved 1048576K
GC Heap History (20 events):
Event: 139.206 GC heap before
{Heap before GC invocations=3392 (full 3):
 PSYoungGen      total 5120K, used 5085K [0x00000000d5580000, 0x00000000d5e80000, 0x0000000100000000)
  eden space 2560K, 99% used [0x00000000d5580000,0x00000000d57fff58,0x00000000d5800000)
  from space 2560K, 98% used [0x00000000d5800000,0x00000000d5a77860,0x00000000d5a80000)
  to   space 3072K, 0% used [0x00000000d5b80000,0x00000000d5b80000,0x00000000d5e80000)
 ParOldGen       total 1040384K, used 1039954K [0x0000000080000000, 0x00000000bf800000, 0x00000000d5580000)
  object space 1040384K, 99% used [0x0000000080000000,0x00000000bf794bd8,0x00000000bf800000)
 Metaspace       used 66106K, committed 67456K, reserved 1114112K
  class space    used 7500K, committed 8064K, reserved 1048576K
}
Event: 139.211 GC heap after
{Heap after GC invocations=3392 (full 3):
 PSYoungGen      total 5632K, used 2211K [0x00000000d5580000, 0x00000000d5e00000, 0x0000000100000000)
  eden space 3072K, 0% used [0x00000000d5580000,0x00000000d5580000,0x00000000d5880000)
  from space 2560K, 86% used [0x00000000d5b80000,0x00000000d5da8f20,0x00000000d5e00000)
  to   space 2560K, 0% used [0x00000000d5900000,0x00000000d5900000,0x00000000d5b80000)
 ParOldGen       total 1042432K, used 1042377K [0x0000000080000000, 0x00000000bfa00000, 0x00000000d5580000)
  object space 1042432K, 99% used [0x0000000080000000,0x00000000bf9f2668,0x00000000bfa00000)
 Metaspace       used 66106K, committed 67456K, reserved 1114112K
  class space    used 7500K, committed 8064K, reserved 1048576K
}
Event: 139.239 GC heap before
{Heap before GC invocations=3393 (full 3):
 PSYoungGen      total 5632K, used 5283K [0x00000000d5580000, 0x00000000d5e00000, 0x0000000100000000)
  eden space 3072K, 100% used [0x00000000d5580000,0x00000000d5880000,0x00000000d5880000)
  from space 2560K, 86% used [0x00000000d5b80000,0x00000000d5da8f20,0x00000000d5e00000)
  to   space 2560K, 0% used [0x00000000d5900000,0x00000000d5900000,0x00000000d5b80000)
 ParOldGen       total 1042432K, used 1042377K [0x0000000080000000, 0x00000000bfa00000, 0x00000000d5580000)
  object space 1042432K, 99% used [0x0000000080000000,0x00000000bf9f2668,0x00000000bfa00000)
 Metaspace       used 66111K, committed 67456K, reserved 1114112K
  class space    used 7500K, committed 8064K, reserved 1048576K
}
Event: 139.242 GC heap after
{Heap after GC invocations=3393 (full 3):
 PSYoungGen      total 6144K, used 2536K [0x00000000d5580000, 0x00000000d6480000, 0x0000000100000000)
  eden space 3584K, 0% used [0x00000000d5580000,0x00000000d5580000,0x00000000d5900000)
  from space 2560K, 99% used [0x00000000d5900000,0x00000000d5b7a370,0x00000000d5b80000)
  to   space 5632K, 0% used [0x00000000d5f00000,0x00000000d5f00000,0x00000000d6480000)
 ParOldGen       total 1044992K, used 1044771K [0x0000000080000000, 0x00000000bfc80000, 0x00000000d5580000)
  object space 1044992K, 99% used [0x0000000080000000,0x00000000bfc48d08,0x00000000bfc80000)
 Metaspace       used 66111K, committed 67456K, reserved 1114112K
  class space    used 7500K, committed 8064K, reserved 1048576K
}
Event: 139.277 GC heap before
{Heap before GC invocations=3394 (full 3):
 PSYoungGen      total 6144K, used 6120K [0x00000000d5580000, 0x00000000d6480000, 0x0000000100000000)
  eden space 3584K, 100% used [0x00000000d5580000,0x00000000d5900000,0x00000000d5900000)
  from space 2560K, 99% used [0x00000000d5900000,0x00000000d5b7a370,0x00000000d5b80000)
  to   space 5632K, 0% used [0x00000000d5f00000,0x00000000d5f00000,0x00000000d6480000)
 ParOldGen       total 1044992K, used 1044771K [0x0000000080000000, 0x00000000bfc80000, 0x00000000d5580000)
  object space 1044992K, 99% used [0x0000000080000000,0x00000000bfc48d08,0x00000000bfc80000)
 Metaspace       used 66111K, committed 67456K, reserved 1114112K
  class space    used 7500K, committed 8064K, reserved 1048576K
}
Event: 139.281 GC heap after
{Heap after GC invocations=3394 (full 3):
 PSYoungGen      total 8192K, used 3401K [0x00000000d5580000, 0x00000000d6280000, 0x0000000100000000)
  eden space 4608K, 0% used [0x00000000d5580000,0x00000000d5580000,0x00000000d5a00000)
  from space 3584K, 94% used [0x00000000d5f00000,0x00000000d62524f0,0x00000000d6280000)
  to   space 4096K, 0% used [0x00000000d5a80000,0x00000000d5a80000,0x00000000d5e80000)
 ParOldGen       total 1047552K, used 1047323K [0x0000000080000000, 0x00000000bff00000, 0x00000000d5580000)
  object space 1047552K, 99% used [0x0000000080000000,0x00000000bfec6d08,0x00000000bff00000)
 Metaspace       used 66111K, committed 67456K, reserved 1114112K
  class space    used 7500K, committed 8064K, reserved 1048576K
}
Event: 139.329 GC heap before
{Heap before GC invocations=3395 (full 3):
 PSYoungGen      total 8192K, used 8009K [0x00000000d5580000, 0x00000000d6280000, 0x0000000100000000)
  eden space 4608K, 100% used [0x00000000d5580000,0x00000000d5a00000,0x00000000d5a00000)
  from space 3584K, 94% used [0x00000000d5f00000,0x00000000d62524f0,0x00000000d6280000)
  to   space 4096K, 0% used [0x00000000d5a80000,0x00000000d5a80000,0x00000000d5e80000)
 ParOldGen       total 1047552K, used 1047323K [0x0000000080000000, 0x00000000bff00000, 0x00000000d5580000)
  object space 1047552K, 99% used [0x0000000080000000,0x00000000bfec6d08,0x00000000bff00000)
 Metaspace       used 66111K, committed 67456K, reserved 1114112K
  class space    used 7500K, committed 8064K, reserved 1048576K
}
Event: 139.333 GC heap after
{Heap after GC invocations=3395 (full 3):
 PSYoungGen      total 9216K, used 4085K [0x00000000d5580000, 0x00000000d6c00000, 0x0000000100000000)
  eden space 5120K, 0% used [0x00000000d5580000,0x00000000d5580000,0x00000000d5a80000)
  from space 4096K, 99% used [0x00000000d5a80000,0x00000000d5e7d4a0,0x00000000d5e80000)
  to   space 8704K, 0% used [0x00000000d6380000,0x00000000d6380000,0x00000000d6c00000)
 ParOldGen       total 1051136K, used 1050718K [0x0000000080000000, 0x00000000c0280000, 0x00000000d5580000)
  object space 1051136K, 99% used [0x0000000080000000,0x00000000c0217988,0x00000000c0280000)
 Metaspace       used 66111K, committed 67456K, reserved 1114112K
  class space    used 7500K, committed 8064K, reserved 1048576K
}
Event: 139.378 GC heap before
{Heap before GC invocations=3396 (full 3):
 PSYoungGen      total 9216K, used 9205K [0x00000000d5580000, 0x00000000d6c00000, 0x0000000100000000)
  eden space 5120K, 100% used [0x00000000d5580000,0x00000000d5a80000,0x00000000d5a80000)
  from space 4096K, 99% used [0x00000000d5a80000,0x00000000d5e7d4a0,0x00000000d5e80000)
  to   space 8704K, 0% used [0x00000000d6380000,0x00000000d6380000,0x00000000d6c00000)
 ParOldGen       total 1051136K, used 1050718K [0x0000000080000000, 0x00000000c0280000, 0x00000000d5580000)
  object space 1051136K, 99% used [0x0000000080000000,0x00000000c0217988,0x00000000c0280000)
 Metaspace       used 66218K, committed 67584K, reserved 1114112K
  class space    used 7509K, committed 8064K, reserved 1048576K
}
Event: 139.383 GC heap after
{Heap after GC invocations=3396 (full 3):
 PSYoungGen      total 9216K, used 3889K [0x00000000d5580000, 0x00000000d6780000, 0x0000000100000000)
  eden space 5120K, 0% used [0x00000000d5580000,0x00000000d5580000,0x00000000d5a80000)
  from space 4096K, 94% used [0x00000000d6380000,0x00000000d674c6c0,0x00000000d6780000)
  to   space 5632K, 0% used [0x00000000d5c80000,0x00000000d5c80000,0x00000000d6200000)
 ParOldGen       total 1055232K, used 1054850K [0x0000000080000000, 0x00000000c0680000, 0x00000000d5580000)
  object space 1055232K, 99% used [0x0000000080000000,0x00000000c0620b08,0x00000000c0680000)
 Metaspace       used 66218K, committed 67584K, reserved 1114112K
  class space    used 7509K, committed 8064K, reserved 1048576K
}
Event: 139.419 GC heap before
{Heap before GC invocations=3397 (full 3):
 PSYoungGen      total 9216K, used 9009K [0x00000000d5580000, 0x00000000d6780000, 0x0000000100000000)
  eden space 5120K, 100% used [0x00000000d5580000,0x00000000d5a80000,0x00000000d5a80000)
  from space 4096K, 94% used [0x00000000d6380000,0x00000000d674c6c0,0x00000000d6780000)
  to   space 5632K, 0% used [0x00000000d5c80000,0x00000000d5c80000,0x00000000d6200000)
 ParOldGen       total 1055232K, used 1054850K [0x0000000080000000, 0x00000000c0680000, 0x00000000d5580000)
  object space 1055232K, 99% used [0x0000000080000000,0x00000000c0620b08,0x00000000c0680000)
 Metaspace       used 66223K, committed 67584K, reserved 1114112K
  class space    used 7509K, committed 8064K, reserved 1048576K
}
Event: 139.423 GC heap after
{Heap after GC invocations=3397 (full 3):
 PSYoungGen      total 8704K, used 3120K [0x00000000d5580000, 0x00000000d6400000, 0x0000000100000000)
  eden space 5120K, 0% used [0x00000000d5580000,0x00000000d5580000,0x00000000d5a80000)
  from space 3584K, 87% used [0x00000000d5c80000,0x00000000d5f8c030,0x00000000d6000000)
  to   space 4096K, 0% used [0x00000000d6000000,0x00000000d6000000,0x00000000d6400000)
 ParOldGen       total 1058816K, used 1058654K [0x0000000080000000, 0x00000000c0a00000, 0x00000000d5580000)
  object space 1058816K, 99% used [0x0000000080000000,0x00000000c09d7878,0x00000000c0a00000)
 Metaspace       used 66223K, committed 67584K, reserved 1114112K
  class space    used 7509K, committed 8064K, reserved 1048576K
}
Event: 139.458 GC heap before
{Heap before GC invocations=3398 (full 3):
 PSYoungGen      total 8704K, used 8240K [0x00000000d5580000, 0x00000000d6400000, 0x0000000100000000)
  eden space 5120K, 99% used [0x00000000d5580000,0x00000000d5a7ffe0,0x00000000d5a80000)
  from space 3584K, 87% used [0x00000000d5c80000,0x00000000d5f8c030,0x00000000d6000000)
  to   space 4096K, 0% used [0x00000000d6000000,0x00000000d6000000,0x00000000d6400000)
 ParOldGen       total 1058816K, used 1058654K [0x0000000080000000, 0x00000000c0a00000, 0x00000000d5580000)
  object space 1058816K, 99% used [0x0000000080000000,0x00000000c09d7878,0x00000000c0a00000)
 Metaspace       used 66235K, committed 67584K, reserved 1114112K
  class space    used 7509K, committed 8064K, reserved 1048576K
}
Event: 139.462 GC heap after
{Heap after GC invocations=3398 (full 3):
 PSYoungGen      total 8192K, used 2784K [0x00000000d5580000, 0x00000000d6300000, 0x0000000100000000)
  eden space 5120K, 0% used [0x00000000d5580000,0x00000000d5580000,0x00000000d5a80000)
  from space 3072K, 90% used [0x00000000d6000000,0x00000000d62b8000,0x00000000d6300000)
  to   space 3072K, 0% used [0x00000000d5d00000,0x00000000d5d00000,0x00000000d6000000)
 ParOldGen       total 1061888K, used 1061678K [0x0000000080000000, 0x00000000c0d00000, 0x00000000d5580000)
  object space 1061888K, 99% used [0x0000000080000000,0x00000000c0ccb8a8,0x00000000c0d00000)
 Metaspace       used 66235K, committed 67584K, reserved 1114112K
  class space    used 7509K, committed 8064K, reserved 1048576K
}
Event: 139.497 GC heap before
{Heap before GC invocations=3399 (full 3):
 PSYoungGen      total 8192K, used 7904K [0x00000000d5580000, 0x00000000d6300000, 0x0000000100000000)
  eden space 5120K, 100% used [0x00000000d5580000,0x00000000d5a80000,0x00000000d5a80000)
  from space 3072K, 90% used [0x00000000d6000000,0x00000000d62b8000,0x00000000d6300000)
  to   space 3072K, 0% used [0x00000000d5d00000,0x00000000d5d00000,0x00000000d6000000)
 ParOldGen       total 1061888K, used 1061678K [0x0000000080000000, 0x00000000c0d00000, 0x00000000d5580000)
  object space 1061888K, 99% used [0x0000000080000000,0x00000000c0ccb8a8,0x00000000c0d00000)
 Metaspace       used 66244K, committed 67584K, reserved 1114112K
  class space    used 7509K, committed 8064K, reserved 1048576K
}
Event: 139.501 GC heap after
{Heap after GC invocations=3399 (full 3):
 PSYoungGen      total 7680K, used 2208K [0x00000000d5580000, 0x00000000d6080000, 0x0000000100000000)
  eden space 5120K, 0% used [0x00000000d5580000,0x00000000d5580000,0x00000000d5a80000)
  from space 2560K, 86% used [0x00000000d5d00000,0x00000000d5f28000,0x00000000d5f80000)
  to   space 1024K, 0% used [0x00000000d5f80000,0x00000000d5f80000,0x00000000d6080000)
 ParOldGen       total 1064448K, used 1064310K [0x0000000080000000, 0x00000000c0f80000, 0x00000000d5580000)
  object space 1064448K, 99% used [0x0000000080000000,0x00000000c0f5d8a8,0x00000000c0f80000)
 Metaspace       used 66244K, committed 67584K, reserved 1114112K
  class space    used 7509K, committed 8064K, reserved 1048576K
}
Event: 139.541 GC heap before
{Heap before GC invocations=3400 (full 3):
 PSYoungGen      total 7680K, used 7328K [0x00000000d5580000, 0x00000000d6080000, 0x0000000100000000)
  eden space 5120K, 100% used [0x00000000d5580000,0x00000000d5a80000,0x00000000d5a80000)
  from space 2560K, 86% used [0x00000000d5d00000,0x00000000d5f28000,0x00000000d5f80000)
  to   space 1024K, 0% used [0x00000000d5f80000,0x00000000d5f80000,0x00000000d6080000)
 ParOldGen       total 1064448K, used 1064310K [0x0000000080000000, 0x00000000c0f80000, 0x00000000d5580000)
  object space 1064448K, 99% used [0x0000000080000000,0x00000000c0f5d8a8,0x00000000c0f80000)
 Metaspace       used 66258K, committed 67584K, reserved 1114112K
  class space    used 7509K, committed 8064K, reserved 1048576K
}
Event: 139.544 GC heap after
{Heap after GC invocations=3400 (full 3):
 PSYoungGen      total 6144K, used 1008K [0x00000000d5580000, 0x00000000d6180000, 0x0000000100000000)
  eden space 5120K, 0% used [0x00000000d5580000,0x00000000d5580000,0x00000000d5a80000)
  from space 1024K, 98% used [0x00000000d5f80000,0x00000000d607c030,0x00000000d6080000)
  to   space 3584K, 0% used [0x00000000d5a80000,0x00000000d5a80000,0x00000000d5e00000)
 ParOldGen       total 1066496K, used 1066494K [0x0000000080000000, 0x00000000c1180000, 0x00000000d5580000)
  object space 1066496K, 99% used [0x0000000080000000,0x00000000c117f8a8,0x00000000c1180000)
 Metaspace       used 66258K, committed 67584K, reserved 1114112K
  class space    used 7509K, committed 8064K, reserved 1048576K
}
Event: 631.725 GC heap before
{Heap before GC invocations=3401 (full 3):
 PSYoungGen      total 6144K, used 6128K [0x00000000d5580000, 0x00000000d6180000, 0x0000000100000000)
  eden space 5120K, 99% used [0x00000000d5580000,0x00000000d5a7fff0,0x00000000d5a80000)
  from space 1024K, 98% used [0x00000000d5f80000,0x00000000d607c030,0x00000000d6080000)
  to   space 3584K, 0% used [0x00000000d5a80000,0x00000000d5a80000,0x00000000d5e00000)
 ParOldGen       total 1066496K, used 1066494K [0x0000000080000000, 0x00000000c1180000, 0x00000000d5580000)
  object space 1066496K, 99% used [0x0000000080000000,0x00000000c117f8a8,0x00000000c1180000)
 Metaspace       used 66482K, committed 67904K, reserved 1114112K
  class space    used 7535K, committed 8192K, reserved 1048576K
}
Event: 632.262 GC heap after
{Heap after GC invocations=3401 (full 3):
 PSYoungGen      total 8704K, used 224K [0x00000000d5580000, 0x00000000d6000000, 0x0000000100000000)
  eden space 5120K, 0% used [0x00000000d5580000,0x00000000d5580000,0x00000000d5a80000)
  from space 3584K, 6% used [0x00000000d5a80000,0x00000000d5ab8000,0x00000000d5e00000)
  to   space 1536K, 0% used [0x00000000d5e80000,0x00000000d5e80000,0x00000000d6000000)
 ParOldGen       total 1067520K, used 1067446K [0x0000000080000000, 0x00000000c1280000, 0x00000000d5580000)
  object space 1067520K, 99% used [0x0000000080000000,0x00000000c126d8d8,0x00000000c1280000)
 Metaspace       used 66482K, committed 67904K, reserved 1114112K
  class space    used 7535K, committed 8192K, reserved 1048576K
}

