# JRE version: OpenJDK Runtime Environment Temurin-21.0.8+9 (21.0.8+9) (build 21.0.8+9-LTS)
# Java VM: OpenJDK 64-Bit Server VM Temurin-21.0.8+9 (21.0.8+9-LTS, mixed mode, sharing, tiered, compressed oops, compressed class ptrs, parallel gc, windows-amd64)
GC Precious Log:
 CardTable entry size: 512
 CPUs: 12 total, 12 available
 Memory: 7525M
 Large Page Support: Disabled
 NUMA Support: Disabled
 Compressed Oops: Enabled (32-bit)
 Alignments: Space 512K, Generation 512K, Heap 2M
 Heap Min Capacity: 100M
 Heap Initial Capacity: 100M
 Heap Max Capacity: 2G
 Pre-touch: Disabled
 Parallel Workers: 10
Heap:
 PSYoungGen      total 10752K, used 7201K [0x00000000d5580000, 0x00000000d6800000, 0x0000000100000000)
  eden space 8704K, 59% used [0x00000000d5580000,0x00000000d5a8d840,0x00000000d5e00000)
  from space 2048K, 99% used [0x00000000d5e00000,0x00000000d5ffaf08,0x00000000d6000000)
  to   space 4096K, 0% used [0x00000000d6400000,0x00000000d6400000,0x00000000d6800000)
 ParOldGen       total 180224K, used 180103K [0x0000000080000000, 0x000000008b000000, 0x00000000d5580000)
  object space 180224K, 99% used [0x0000000080000000,0x000000008afe1ea0,0x000000008b000000)
 Metaspace       used 48436K, committed 49664K, reserved 1114112K
  class space    used 5190K, committed 5696K, reserved 1048576K
GC Heap History (20 events):
Event: 7.617 GC heap after
{Heap after GC invocations=80 (full 2):
 PSYoungGen      total 9216K, used 1963K [0x00000000d5580000, 0x00000000d6080000, 0x0000000100000000)
  eden space 7168K, 0% used [0x00000000d5580000,0x00000000d5580000,0x00000000d5c80000)
  from space 2048K, 95% used [0x00000000d5e80000,0x00000000d606add0,0x00000000d6080000)
  to   space 2048K, 0% used [0x00000000d5c80000,0x00000000d5c80000,0x00000000d5e80000)
 ParOldGen       total 162304K, used 162082K [0x0000000080000000, 0x0000000089e80000, 0x00000000d5580000)
  object space 162304K, 99% used [0x0000000080000000,0x0000000089e488f8,0x0000000089e80000)
 Metaspace       used 48436K, committed 49664K, reserved 1114112K
  class space    used 5190K, committed 5696K, reserved 1048576K
}
Event: 7.639 GC heap before
{Heap before GC invocations=81 (full 2):
 PSYoungGen      total 9216K, used 9131K [0x00000000d5580000, 0x00000000d6080000, 0x0000000100000000)
  eden space 7168K, 100% used [0x00000000d5580000,0x00000000d5c80000,0x00000000d5c80000)
  from space 2048K, 95% used [0x00000000d5e80000,0x00000000d606add0,0x00000000d6080000)
  to   space 2048K, 0% used [0x00000000d5c80000,0x00000000d5c80000,0x00000000d5e80000)
 ParOldGen       total 162304K, used 162082K [0x0000000080000000, 0x0000000089e80000, 0x00000000d5580000)
  object space 162304K, 99% used [0x0000000080000000,0x0000000089e488f8,0x0000000089e80000)
 Metaspace       used 48436K, committed 49664K, reserved 1114112K
  class space    used 5190K, committed 5696K, reserved 1048576K
}
Event: 7.643 GC heap after
{Heap after GC invocations=81 (full 2):
 PSYoungGen      total 9216K, used 1639K [0x00000000d5580000, 0x00000000d6080000, 0x0000000100000000)
  eden space 7168K, 0% used [0x00000000d5580000,0x00000000d5580000,0x00000000d5c80000)
  from space 2048K, 80% used [0x00000000d5c80000,0x00000000d5e19da0,0x00000000d5e80000)
  to   space 2048K, 0% used [0x00000000d5e80000,0x00000000d5e80000,0x00000000d6080000)
 ParOldGen       total 164352K, used 163853K [0x0000000080000000, 0x000000008a080000, 0x00000000d5580000)
  object space 164352K, 99% used [0x0000000080000000,0x000000008a0036e0,0x000000008a080000)
 Metaspace       used 48436K, committed 49664K, reserved 1114112K
  class space    used 5190K, committed 5696K, reserved 1048576K
}
Event: 7.708 GC heap before
{Heap before GC invocations=82 (full 2):
 PSYoungGen      total 9216K, used 8807K [0x00000000d5580000, 0x00000000d6080000, 0x0000000100000000)
  eden space 7168K, 100% used [0x00000000d5580000,0x00000000d5c80000,0x00000000d5c80000)
  from space 2048K, 80% used [0x00000000d5c80000,0x00000000d5e19da0,0x00000000d5e80000)
  to   space 2048K, 0% used [0x00000000d5e80000,0x00000000d5e80000,0x00000000d6080000)
 ParOldGen       total 164352K, used 163853K [0x0000000080000000, 0x000000008a080000, 0x00000000d5580000)
  object space 164352K, 99% used [0x0000000080000000,0x000000008a0036e0,0x000000008a080000)
 Metaspace       used 48436K, committed 49664K, reserved 1114112K
  class space    used 5190K, committed 5696K, reserved 1048576K
}
Event: 7.711 GC heap after
{Heap after GC invocations=82 (full 2):
 PSYoungGen      total 9216K, used 1727K [0x00000000d5580000, 0x00000000d6080000, 0x0000000100000000)
  eden space 7168K, 0% used [0x00000000d5580000,0x00000000d5580000,0x00000000d5c80000)
  from space 2048K, 84% used [0x00000000d5e80000,0x00000000d602ffd8,0x00000000d6080000)
  to   space 2048K, 0% used [0x00000000d5c80000,0x00000000d5c80000,0x00000000d5e80000)
 ParOldGen       total 165376K, used 165374K [0x0000000080000000, 0x000000008a180000, 0x00000000d5580000)
  object space 165376K, 99% used [0x0000000080000000,0x000000008a17f8d0,0x000000008a180000)
 Metaspace       used 48436K, committed 49664K, reserved 1114112K
  class space    used 5190K, committed 5696K, reserved 1048576K
}
Event: 7.733 GC heap before
{Heap before GC invocations=83 (full 2):
 PSYoungGen      total 9216K, used 8895K [0x00000000d5580000, 0x00000000d6080000, 0x0000000100000000)
  eden space 7168K, 100% used [0x00000000d5580000,0x00000000d5c80000,0x00000000d5c80000)
  from space 2048K, 84% used [0x00000000d5e80000,0x00000000d602ffd8,0x00000000d6080000)
  to   space 2048K, 0% used [0x00000000d5c80000,0x00000000d5c80000,0x00000000d5e80000)
 ParOldGen       total 165376K, used 165374K [0x0000000080000000, 0x000000008a180000, 0x00000000d5580000)
  object space 165376K, 99% used [0x0000000080000000,0x000000008a17f8d0,0x000000008a180000)
 Metaspace       used 48436K, committed 49664K, reserved 1114112K
  class space    used 5190K, committed 5696K, reserved 1048576K
}
Event: 7.735 GC heap after
{Heap after GC invocations=83 (full 2):
 PSYoungGen      total 9216K, used 1833K [0x00000000d5580000, 0x00000000d6080000, 0x0000000100000000)
  eden space 7168K, 0% used [0x00000000d5580000,0x00000000d5580000,0x00000000d5c80000)
  from space 2048K, 89% used [0x00000000d5c80000,0x00000000d5e4a560,0x00000000d5e80000)
  to   space 2048K, 0% used [0x00000000d5e80000,0x00000000d5e80000,0x00000000d6080000)
 ParOldGen       total 166912K, used 166910K [0x0000000080000000, 0x000000008a300000, 0x00000000d5580000)
  object space 166912K, 99% used [0x0000000080000000,0x000000008a2ffbf0,0x000000008a300000)
 Metaspace       used 48436K, committed 49664K, reserved 1114112K
  class space    used 5190K, committed 5696K, reserved 1048576K
}
Event: 7.758 GC heap before
{Heap before GC invocations=84 (full 2):
 PSYoungGen      total 9216K, used 9001K [0x00000000d5580000, 0x00000000d6080000, 0x0000000100000000)
  eden space 7168K, 100% used [0x00000000d5580000,0x00000000d5c80000,0x00000000d5c80000)
  from space 2048K, 89% used [0x00000000d5c80000,0x00000000d5e4a560,0x00000000d5e80000)
  to   space 2048K, 0% used [0x00000000d5e80000,0x00000000d5e80000,0x00000000d6080000)
 ParOldGen       total 166912K, used 166910K [0x0000000080000000, 0x000000008a300000, 0x00000000d5580000)
  object space 166912K, 99% used [0x0000000080000000,0x000000008a2ffbf0,0x000000008a300000)
 Metaspace       used 48436K, committed 49664K, reserved 1114112K
  class space    used 5190K, committed 5696K, reserved 1048576K
}
Event: 7.760 GC heap after
{Heap after GC invocations=84 (full 2):
 PSYoungGen      total 9216K, used 1750K [0x00000000d5580000, 0x00000000d6080000, 0x0000000100000000)
  eden space 7168K, 0% used [0x00000000d5580000,0x00000000d5580000,0x00000000d5c80000)
  from space 2048K, 85% used [0x00000000d5e80000,0x00000000d6035b68,0x00000000d6080000)
  to   space 2048K, 0% used [0x00000000d5c80000,0x00000000d5c80000,0x00000000d5e80000)
 ParOldGen       total 168960K, used 168603K [0x0000000080000000, 0x000000008a500000, 0x00000000d5580000)
  object space 168960K, 99% used [0x0000000080000000,0x000000008a4a6f00,0x000000008a500000)
 Metaspace       used 48436K, committed 49664K, reserved 1114112K
  class space    used 5190K, committed 5696K, reserved 1048576K
}
Event: 7.776 GC heap before
{Heap before GC invocations=85 (full 2):
 PSYoungGen      total 9216K, used 8918K [0x00000000d5580000, 0x00000000d6080000, 0x0000000100000000)
  eden space 7168K, 100% used [0x00000000d5580000,0x00000000d5c80000,0x00000000d5c80000)
  from space 2048K, 85% used [0x00000000d5e80000,0x00000000d6035b68,0x00000000d6080000)
  to   space 2048K, 0% used [0x00000000d5c80000,0x00000000d5c80000,0x00000000d5e80000)
 ParOldGen       total 168960K, used 168603K [0x0000000080000000, 0x000000008a500000, 0x00000000d5580000)
  object space 168960K, 99% used [0x0000000080000000,0x000000008a4a6f00,0x000000008a500000)
 Metaspace       used 48436K, committed 49664K, reserved 1114112K
  class space    used 5190K, committed 5696K, reserved 1048576K
}
Event: 7.778 GC heap after
{Heap after GC invocations=85 (full 2):
 PSYoungGen      total 9216K, used 1667K [0x00000000d5580000, 0x00000000d6080000, 0x0000000100000000)
  eden space 7168K, 0% used [0x00000000d5580000,0x00000000d5580000,0x00000000d5c80000)
  from space 2048K, 81% used [0x00000000d5c80000,0x00000000d5e20d10,0x00000000d5e80000)
  to   space 2048K, 0% used [0x00000000d5e80000,0x00000000d5e80000,0x00000000d6080000)
 ParOldGen       total 170496K, used 170175K [0x0000000080000000, 0x000000008a680000, 0x00000000d5580000)
  object space 170496K, 99% used [0x0000000080000000,0x000000008a62fd08,0x000000008a680000)
 Metaspace       used 48436K, committed 49664K, reserved 1114112K
  class space    used 5190K, committed 5696K, reserved 1048576K
}
Event: 7.796 GC heap before
{Heap before GC invocations=86 (full 2):
 PSYoungGen      total 9216K, used 8835K [0x00000000d5580000, 0x00000000d6080000, 0x0000000100000000)
  eden space 7168K, 100% used [0x00000000d5580000,0x00000000d5c80000,0x00000000d5c80000)
  from space 2048K, 81% used [0x00000000d5c80000,0x00000000d5e20d10,0x00000000d5e80000)
  to   space 2048K, 0% used [0x00000000d5e80000,0x00000000d5e80000,0x00000000d6080000)
 ParOldGen       total 170496K, used 170175K [0x0000000080000000, 0x000000008a680000, 0x00000000d5580000)
  object space 170496K, 99% used [0x0000000080000000,0x000000008a62fd08,0x000000008a680000)
 Metaspace       used 48436K, committed 49664K, reserved 1114112K
  class space    used 5190K, committed 5696K, reserved 1048576K
}
Event: 7.799 GC heap after
{Heap after GC invocations=86 (full 2):
 PSYoungGen      total 9216K, used 1790K [0x00000000d5580000, 0x00000000d6080000, 0x0000000100000000)
  eden space 7168K, 0% used [0x00000000d5580000,0x00000000d5580000,0x00000000d5c80000)
  from space 2048K, 87% used [0x00000000d5e80000,0x00000000d603f900,0x00000000d6080000)
  to   space 2048K, 0% used [0x00000000d5c80000,0x00000000d5c80000,0x00000000d5e80000)
 ParOldGen       total 172032K, used 171723K [0x0000000080000000, 0x000000008a800000, 0x00000000d5580000)
  object space 172032K, 99% used [0x0000000080000000,0x000000008a7b2e28,0x000000008a800000)
 Metaspace       used 48436K, committed 49664K, reserved 1114112K
  class space    used 5190K, committed 5696K, reserved 1048576K
}
Event: 7.820 GC heap before
{Heap before GC invocations=87 (full 2):
 PSYoungGen      total 9216K, used 8958K [0x00000000d5580000, 0x00000000d6080000, 0x0000000100000000)
  eden space 7168K, 100% used [0x00000000d5580000,0x00000000d5c80000,0x00000000d5c80000)
  from space 2048K, 87% used [0x00000000d5e80000,0x00000000d603f900,0x00000000d6080000)
  to   space 2048K, 0% used [0x00000000d5c80000,0x00000000d5c80000,0x00000000d5e80000)
 ParOldGen       total 172032K, used 171723K [0x0000000080000000, 0x000000008a800000, 0x00000000d5580000)
  object space 172032K, 99% used [0x0000000080000000,0x000000008a7b2e28,0x000000008a800000)
 Metaspace       used 48436K, committed 49664K, reserved 1114112K
  class space    used 5190K, committed 5696K, reserved 1048576K
}
Event: 7.822 GC heap after
{Heap after GC invocations=87 (full 2):
 PSYoungGen      total 9216K, used 1885K [0x00000000d5580000, 0x00000000d6080000, 0x0000000100000000)
  eden space 7168K, 0% used [0x00000000d5580000,0x00000000d5580000,0x00000000d5c80000)
  from space 2048K, 92% used [0x00000000d5c80000,0x00000000d5e577f8,0x00000000d5e80000)
  to   space 2048K, 0% used [0x00000000d5e80000,0x00000000d5e80000,0x00000000d6080000)
 ParOldGen       total 173568K, used 173366K [0x0000000080000000, 0x000000008a980000, 0x00000000d5580000)
  object space 173568K, 99% used [0x0000000080000000,0x000000008a94d988,0x000000008a980000)
 Metaspace       used 48436K, committed 49664K, reserved 1114112K
  class space    used 5190K, committed 5696K, reserved 1048576K
}
Event: 7.837 GC heap before
{Heap before GC invocations=88 (full 2):
 PSYoungGen      total 9216K, used 9053K [0x00000000d5580000, 0x00000000d6080000, 0x0000000100000000)
  eden space 7168K, 100% used [0x00000000d5580000,0x00000000d5c80000,0x00000000d5c80000)
  from space 2048K, 92% used [0x00000000d5c80000,0x00000000d5e577f8,0x00000000d5e80000)
  to   space 2048K, 0% used [0x00000000d5e80000,0x00000000d5e80000,0x00000000d6080000)
 ParOldGen       total 173568K, used 173366K [0x0000000080000000, 0x000000008a980000, 0x00000000d5580000)
  object space 173568K, 99% used [0x0000000080000000,0x000000008a94d988,0x000000008a980000)
 Metaspace       used 48436K, committed 49664K, reserved 1114112K
  class space    used 5190K, committed 5696K, reserved 1048576K
}
Event: 7.876 GC heap after
{Heap after GC invocations=88 (full 2):
 PSYoungGen      total 9216K, used 1890K [0x00000000d5580000, 0x00000000d6200000, 0x0000000100000000)
  eden space 7168K, 0% used [0x00000000d5580000,0x00000000d5580000,0x00000000d5c80000)
  from space 2048K, 92% used [0x00000000d5e80000,0x00000000d6058850,0x00000000d6080000)
  to   space 2048K, 0% used [0x00000000d5c80000,0x00000000d5c80000,0x00000000d5e80000)
 ParOldGen       total 175104K, used 175089K [0x0000000080000000, 0x000000008ab00000, 0x00000000d5580000)
  object space 175104K, 99% used [0x0000000080000000,0x000000008aafc7a0,0x000000008ab00000)
 Metaspace       used 48436K, committed 49664K, reserved 1114112K
  class space    used 5190K, committed 5696K, reserved 1048576K
}
Event: 7.899 GC heap before
{Heap before GC invocations=89 (full 2):
 PSYoungGen      total 9216K, used 9058K [0x00000000d5580000, 0x00000000d6200000, 0x0000000100000000)
  eden space 7168K, 100% used [0x00000000d5580000,0x00000000d5c80000,0x00000000d5c80000)
  from space 2048K, 92% used [0x00000000d5e80000,0x00000000d6058850,0x00000000d6080000)
  to   space 2048K, 0% used [0x00000000d5c80000,0x00000000d5c80000,0x00000000d5e80000)
 ParOldGen       total 175104K, used 175089K [0x0000000080000000, 0x000000008ab00000, 0x00000000d5580000)
  object space 175104K, 99% used [0x0000000080000000,0x000000008aafc7a0,0x000000008ab00000)
 Metaspace       used 48436K, committed 49664K, reserved 1114112K
  class space    used 5190K, committed 5696K, reserved 1048576K
}
Event: 7.901 GC heap after
{Heap after GC invocations=89 (full 2):
 PSYoungGen      total 9216K, used 1828K [0x00000000d5580000, 0x00000000d6200000, 0x0000000100000000)
  eden space 7168K, 0% used [0x00000000d5580000,0x00000000d5580000,0x00000000d5c80000)
  from space 2048K, 89% used [0x00000000d5c80000,0x00000000d5e493d0,0x00000000d5e80000)
  to   space 2048K, 0% used [0x00000000d6000000,0x00000000d6000000,0x00000000d6200000)
 ParOldGen       total 177152K, used 176784K [0x0000000080000000, 0x000000008ad00000, 0x00000000d5580000)
  object space 177152K, 99% used [0x0000000080000000,0x000000008aca4008,0x000000008ad00000)
 Metaspace       used 48436K, committed 49664K, reserved 1114112K
  class space    used 5190K, committed 5696K, reserved 1048576K
}
Event: 7.920 GC heap before
{Heap before GC invocations=90 (full 2):
 PSYoungGen      total 9216K, used 8979K [0x00000000d5580000, 0x00000000d6200000, 0x0000000100000000)
  eden space 7168K, 99% used [0x00000000d5580000,0x00000000d5c7b8c8,0x00000000d5c80000)
  from space 2048K, 89% used [0x00000000d5c80000,0x00000000d5e493d0,0x00000000d5e80000)
  to   space 2048K, 0% used [0x00000000d6000000,0x00000000d6000000,0x00000000d6200000)
 ParOldGen       total 177152K, used 176784K [0x0000000080000000, 0x000000008ad00000, 0x00000000d5580000)
  object space 177152K, 99% used [0x0000000080000000,0x000000008aca4008,0x000000008ad00000)
 Metaspace       used 48436K, committed 49664K, reserved 1114112K
  class space    used 5190K, committed 5696K, reserved 1048576K
}

