# JRE version: OpenJDK Runtime Environment Temurin-21.0.8+9 (21.0.8+9) (build 21.0.8+9-LTS)
# Java VM: OpenJDK 64-Bit Server VM Temurin-21.0.8+9 (21.0.8+9-LTS, mixed mode, sharing, tiered, compressed oops, compressed class ptrs, parallel gc, windows-amd64)
GC Precious Log:
 CardTable entry size: 512
 CPUs: 12 total, 12 available
 Memory: 7525M
 Large Page Support: Disabled
 NUMA Support: Disabled
 Compressed Oops: Enabled (32-bit)
 Alignments: Space 512K, Generation 512K, Heap 2M
 Heap Min Capacity: 100M
 Heap Initial Capacity: 100M
 Heap Max Capacity: 2G
 Pre-touch: Disabled
 Parallel Workers: 10
Heap:
 PSYoungGen      total 23040K, used 22283K [0x00000000d5580000, 0x00000000d7980000, 0x0000000100000000)
  eden space 20992K, 96% used [0x00000000d5580000,0x00000000d6951920,0x00000000d6a00000)
  from space 2048K, 97% used [0x00000000d7780000,0x00000000d7971438,0x00000000d7980000)
  to   space 2560K, 0% used [0x00000000d7480000,0x00000000d7480000,0x00000000d7700000)
 ParOldGen       total 76288K, used 76238K [0x0000000080000000, 0x0000000084a80000, 0x00000000d5580000)
  object space 76288K, 99% used [0x0000000080000000,0x0000000084a738c8,0x0000000084a80000)
 Metaspace       used 55756K, committed 57088K, reserved 1114112K
  class space    used 6464K, committed 7040K, reserved 1048576K
GC Heap History (20 events):
Event: 11.622 GC heap before
{Heap before GC invocations=23 (full 2):
 PSYoungGen      total 23040K, used 23040K [0x00000000d5580000, 0x00000000d7300000, 0x0000000100000000)
  eden space 20992K, 100% used [0x00000000d5580000,0x00000000d6a00000,0x00000000d6a00000)
  from space 2048K, 100% used [0x00000000d6e00000,0x00000000d7000000,0x00000000d7000000)
  to   space 4096K, 0% used [0x00000000d6a00000,0x00000000d6a00000,0x00000000d6e00000)
 ParOldGen       total 68608K, used 27514K [0x0000000080000000, 0x0000000084300000, 0x00000000d5580000)
  object space 68608K, 40% used [0x0000000080000000,0x0000000081ade9f8,0x0000000084300000)
 Metaspace       used 45809K, committed 47040K, reserved 1114112K
  class space    used 4943K, committed 5504K, reserved 1048576K
}
Event: 11.634 GC heap after
{Heap after GC invocations=23 (full 2):
 PSYoungGen      total 25088K, used 4078K [0x00000000d5580000, 0x00000000d9b00000, 0x0000000100000000)
  eden space 20992K, 0% used [0x00000000d5580000,0x00000000d5580000,0x00000000d6a00000)
  from space 4096K, 99% used [0x00000000d6a00000,0x00000000d6dfb8e8,0x00000000d6e00000)
  to   space 25088K, 0% used [0x00000000d8280000,0x00000000d8280000,0x00000000d9b00000)
 ParOldGen       total 68608K, used 44935K [0x0000000080000000, 0x0000000084300000, 0x00000000d5580000)
  object space 68608K, 65% used [0x0000000080000000,0x0000000082be1d60,0x0000000084300000)
 Metaspace       used 45809K, committed 47040K, reserved 1114112K
  class space    used 4943K, committed 5504K, reserved 1048576K
}
Event: 11.949 GC heap before
{Heap before GC invocations=24 (full 2):
 PSYoungGen      total 25088K, used 25070K [0x00000000d5580000, 0x00000000d9b00000, 0x0000000100000000)
  eden space 20992K, 100% used [0x00000000d5580000,0x00000000d6a00000,0x00000000d6a00000)
  from space 4096K, 99% used [0x00000000d6a00000,0x00000000d6dfb8e8,0x00000000d6e00000)
  to   space 25088K, 0% used [0x00000000d8280000,0x00000000d8280000,0x00000000d9b00000)
 ParOldGen       total 68608K, used 44935K [0x0000000080000000, 0x0000000084300000, 0x00000000d5580000)
  object space 68608K, 65% used [0x0000000080000000,0x0000000082be1d60,0x0000000084300000)
 Metaspace       used 46892K, committed 48064K, reserved 1114112K
  class space    used 5063K, committed 5568K, reserved 1048576K
}
Event: 11.957 GC heap after
{Heap after GC invocations=24 (full 2):
 PSYoungGen      total 33280K, used 12144K [0x00000000d5580000, 0x00000000d8e80000, 0x0000000100000000)
  eden space 20992K, 0% used [0x00000000d5580000,0x00000000d5580000,0x00000000d6a00000)
  from space 12288K, 98% used [0x00000000d8280000,0x00000000d8e5c030,0x00000000d8e80000)
  to   space 15872K, 0% used [0x00000000d6f80000,0x00000000d6f80000,0x00000000d7f00000)
 ParOldGen       total 68608K, used 48930K [0x0000000080000000, 0x0000000084300000, 0x00000000d5580000)
  object space 68608K, 71% used [0x0000000080000000,0x0000000082fc8af0,0x0000000084300000)
 Metaspace       used 46892K, committed 48064K, reserved 1114112K
  class space    used 5063K, committed 5568K, reserved 1048576K
}
Event: 13.353 GC heap before
{Heap before GC invocations=25 (full 2):
 PSYoungGen      total 33280K, used 33136K [0x00000000d5580000, 0x00000000d8e80000, 0x0000000100000000)
  eden space 20992K, 100% used [0x00000000d5580000,0x00000000d6a00000,0x00000000d6a00000)
  from space 12288K, 98% used [0x00000000d8280000,0x00000000d8e5c030,0x00000000d8e80000)
  to   space 15872K, 0% used [0x00000000d6f80000,0x00000000d6f80000,0x00000000d7f00000)
 ParOldGen       total 68608K, used 48930K [0x0000000080000000, 0x0000000084300000, 0x00000000d5580000)
  object space 68608K, 71% used [0x0000000080000000,0x0000000082fc8af0,0x0000000084300000)
 Metaspace       used 47573K, committed 48832K, reserved 1114112K
  class space    used 5168K, committed 5696K, reserved 1048576K
}
Event: 13.361 GC heap after
{Heap after GC invocations=25 (full 2):
 PSYoungGen      total 21504K, used 320K [0x00000000d5580000, 0x00000000d8300000, 0x0000000100000000)
  eden space 20992K, 0% used [0x00000000d5580000,0x00000000d5580000,0x00000000d6a00000)
  from space 512K, 62% used [0x00000000d6f80000,0x00000000d6fd0000,0x00000000d7000000)
  to   space 5632K, 0% used [0x00000000d7d80000,0x00000000d7d80000,0x00000000d8300000)
 ParOldGen       total 68608K, used 60998K [0x0000000080000000, 0x0000000084300000, 0x00000000d5580000)
  object space 68608K, 88% used [0x0000000080000000,0x0000000083b91b68,0x0000000084300000)
 Metaspace       used 47573K, committed 48832K, reserved 1114112K
  class space    used 5168K, committed 5696K, reserved 1048576K
}
Event: 14.098 GC heap before
{Heap before GC invocations=26 (full 2):
 PSYoungGen      total 21504K, used 21285K [0x00000000d5580000, 0x00000000d8300000, 0x0000000100000000)
  eden space 20992K, 99% used [0x00000000d5580000,0x00000000d69f9738,0x00000000d6a00000)
  from space 512K, 62% used [0x00000000d6f80000,0x00000000d6fd0000,0x00000000d7000000)
  to   space 5632K, 0% used [0x00000000d7d80000,0x00000000d7d80000,0x00000000d8300000)
 ParOldGen       total 68608K, used 60998K [0x0000000080000000, 0x0000000084300000, 0x00000000d5580000)
  object space 68608K, 88% used [0x0000000080000000,0x0000000083b91b68,0x0000000084300000)
 Metaspace       used 48879K, committed 50112K, reserved 1114112K
  class space    used 5383K, committed 5888K, reserved 1048576K
}
Event: 14.102 GC heap after
{Heap after GC invocations=26 (full 2):
 PSYoungGen      total 26624K, used 5605K [0x00000000d5580000, 0x00000000d8300000, 0x0000000100000000)
  eden space 20992K, 0% used [0x00000000d5580000,0x00000000d5580000,0x00000000d6a00000)
  from space 5632K, 99% used [0x00000000d7d80000,0x00000000d82f9620,0x00000000d8300000)
  to   space 10240K, 0% used [0x00000000d6f00000,0x00000000d6f00000,0x00000000d7900000)
 ParOldGen       total 68608K, used 63867K [0x0000000080000000, 0x0000000084300000, 0x00000000d5580000)
  object space 68608K, 93% used [0x0000000080000000,0x0000000083e5ecf0,0x0000000084300000)
 Metaspace       used 48879K, committed 50112K, reserved 1114112K
  class space    used 5383K, committed 5888K, reserved 1048576K
}
Event: 14.577 GC heap before
{Heap before GC invocations=27 (full 2):
 PSYoungGen      total 26624K, used 26590K [0x00000000d5580000, 0x00000000d8300000, 0x0000000100000000)
  eden space 20992K, 99% used [0x00000000d5580000,0x00000000d69fe438,0x00000000d6a00000)
  from space 5632K, 99% used [0x00000000d7d80000,0x00000000d82f9620,0x00000000d8300000)
  to   space 10240K, 0% used [0x00000000d6f00000,0x00000000d6f00000,0x00000000d7900000)
 ParOldGen       total 68608K, used 63867K [0x0000000080000000, 0x0000000084300000, 0x00000000d5580000)
  object space 68608K, 93% used [0x0000000080000000,0x0000000083e5ecf0,0x0000000084300000)
 Metaspace       used 50546K, committed 51840K, reserved 1114112K
  class space    used 5692K, committed 6208K, reserved 1048576K
}
Event: 14.582 GC heap after
{Heap after GC invocations=27 (full 2):
 PSYoungGen      total 31232K, used 1212K [0x00000000d5580000, 0x00000000d7e00000, 0x0000000100000000)
  eden space 20992K, 0% used [0x00000000d5580000,0x00000000d5580000,0x00000000d6a00000)
  from space 10240K, 11% used [0x00000000d6f00000,0x00000000d702f080,0x00000000d7900000)
  to   space 4096K, 0% used [0x00000000d7a00000,0x00000000d7a00000,0x00000000d7e00000)
 ParOldGen       total 71680K, used 69374K [0x0000000080000000, 0x0000000084600000, 0x00000000d5580000)
  object space 71680K, 96% used [0x0000000080000000,0x00000000843bfa28,0x0000000084600000)
 Metaspace       used 50546K, committed 51840K, reserved 1114112K
  class space    used 5692K, committed 6208K, reserved 1048576K
}
Event: 14.906 GC heap before
{Heap before GC invocations=28 (full 2):
 PSYoungGen      total 31232K, used 22204K [0x00000000d5580000, 0x00000000d7e00000, 0x0000000100000000)
  eden space 20992K, 100% used [0x00000000d5580000,0x00000000d6a00000,0x00000000d6a00000)
  from space 10240K, 11% used [0x00000000d6f00000,0x00000000d702f080,0x00000000d7900000)
  to   space 4096K, 0% used [0x00000000d7a00000,0x00000000d7a00000,0x00000000d7e00000)
 ParOldGen       total 71680K, used 69374K [0x0000000080000000, 0x0000000084600000, 0x00000000d5580000)
  object space 71680K, 96% used [0x0000000080000000,0x00000000843bfa28,0x0000000084600000)
 Metaspace       used 51074K, committed 52352K, reserved 1114112K
  class space    used 5760K, committed 6272K, reserved 1048576K
}
Event: 14.908 GC heap after
{Heap after GC invocations=28 (full 2):
 PSYoungGen      total 22016K, used 640K [0x00000000d5580000, 0x00000000d7b00000, 0x0000000100000000)
  eden space 20992K, 0% used [0x00000000d5580000,0x00000000d5580000,0x00000000d6a00000)
  from space 1024K, 62% used [0x00000000d7a00000,0x00000000d7aa0000,0x00000000d7b00000)
  to   space 1536K, 0% used [0x00000000d7800000,0x00000000d7800000,0x00000000d7980000)
 ParOldGen       total 71680K, used 70430K [0x0000000080000000, 0x0000000084600000, 0x00000000d5580000)
  object space 71680K, 98% used [0x0000000080000000,0x00000000844c7b00,0x0000000084600000)
 Metaspace       used 51074K, committed 52352K, reserved 1114112K
  class space    used 5760K, committed 6272K, reserved 1048576K
}
Event: 15.425 GC heap before
{Heap before GC invocations=29 (full 2):
 PSYoungGen      total 22016K, used 21632K [0x00000000d5580000, 0x00000000d7b00000, 0x0000000100000000)
  eden space 20992K, 100% used [0x00000000d5580000,0x00000000d6a00000,0x00000000d6a00000)
  from space 1024K, 62% used [0x00000000d7a00000,0x00000000d7aa0000,0x00000000d7b00000)
  to   space 1536K, 0% used [0x00000000d7800000,0x00000000d7800000,0x00000000d7980000)
 ParOldGen       total 71680K, used 70430K [0x0000000080000000, 0x0000000084600000, 0x00000000d5580000)
  object space 71680K, 98% used [0x0000000080000000,0x00000000844c7b00,0x0000000084600000)
 Metaspace       used 51082K, committed 52352K, reserved 1114112K
  class space    used 5760K, committed 6272K, reserved 1048576K
}
Event: 15.426 GC heap after
{Heap after GC invocations=29 (full 2):
 PSYoungGen      total 22528K, used 704K [0x00000000d5580000, 0x00000000d7a80000, 0x0000000100000000)
  eden space 20992K, 0% used [0x00000000d5580000,0x00000000d5580000,0x00000000d6a00000)
  from space 1536K, 45% used [0x00000000d7800000,0x00000000d78b0000,0x00000000d7980000)
  to   space 1024K, 0% used [0x00000000d7980000,0x00000000d7980000,0x00000000d7a80000)
 ParOldGen       total 71680K, used 70911K [0x0000000080000000, 0x0000000084600000, 0x00000000d5580000)
  object space 71680K, 98% used [0x0000000080000000,0x000000008453fea0,0x0000000084600000)
 Metaspace       used 51082K, committed 52352K, reserved 1114112K
  class space    used 5760K, committed 6272K, reserved 1048576K
}
Event: 15.836 GC heap before
{Heap before GC invocations=30 (full 2):
 PSYoungGen      total 22528K, used 21696K [0x00000000d5580000, 0x00000000d7a80000, 0x0000000100000000)
  eden space 20992K, 100% used [0x00000000d5580000,0x00000000d6a00000,0x00000000d6a00000)
  from space 1536K, 45% used [0x00000000d7800000,0x00000000d78b0000,0x00000000d7980000)
  to   space 1024K, 0% used [0x00000000d7980000,0x00000000d7980000,0x00000000d7a80000)
 ParOldGen       total 71680K, used 70911K [0x0000000080000000, 0x0000000084600000, 0x00000000d5580000)
  object space 71680K, 98% used [0x0000000080000000,0x000000008453fea0,0x0000000084600000)
 Metaspace       used 51220K, committed 52544K, reserved 1114112K
  class space    used 5784K, committed 6336K, reserved 1048576K
}
Event: 15.838 GC heap after
{Heap after GC invocations=30 (full 2):
 PSYoungGen      total 22016K, used 1006K [0x00000000d5580000, 0x00000000d7a80000, 0x0000000100000000)
  eden space 20992K, 0% used [0x00000000d5580000,0x00000000d5580000,0x00000000d6a00000)
  from space 1024K, 98% used [0x00000000d7980000,0x00000000d7a7bbd8,0x00000000d7a80000)
  to   space 5120K, 0% used [0x00000000d7080000,0x00000000d7080000,0x00000000d7580000)
 ParOldGen       total 74752K, used 74360K [0x0000000080000000, 0x0000000084900000, 0x00000000d5580000)
  object space 74752K, 99% used [0x0000000080000000,0x000000008489e2b8,0x0000000084900000)
 Metaspace       used 51220K, committed 52544K, reserved 1114112K
  class space    used 5784K, committed 6336K, reserved 1048576K
}
Event: 16.301 GC heap before
{Heap before GC invocations=31 (full 2):
 PSYoungGen      total 22016K, used 21998K [0x00000000d5580000, 0x00000000d7a80000, 0x0000000100000000)
  eden space 20992K, 100% used [0x00000000d5580000,0x00000000d6a00000,0x00000000d6a00000)
  from space 1024K, 98% used [0x00000000d7980000,0x00000000d7a7bbd8,0x00000000d7a80000)
  to   space 5120K, 0% used [0x00000000d7080000,0x00000000d7080000,0x00000000d7580000)
 ParOldGen       total 74752K, used 74360K [0x0000000080000000, 0x0000000084900000, 0x00000000d5580000)
  object space 74752K, 99% used [0x0000000080000000,0x000000008489e2b8,0x0000000084900000)
 Metaspace       used 52894K, committed 54272K, reserved 1114112K
  class space    used 6098K, committed 6656K, reserved 1048576K
}
Event: 16.304 GC heap after
{Heap after GC invocations=31 (full 2):
 PSYoungGen      total 26112K, used 1040K [0x00000000d5580000, 0x00000000d7a00000, 0x0000000100000000)
  eden space 20992K, 0% used [0x00000000d5580000,0x00000000d5580000,0x00000000d6a00000)
  from space 5120K, 20% used [0x00000000d7080000,0x00000000d7184010,0x00000000d7580000)
  to   space 2560K, 0% used [0x00000000d7780000,0x00000000d7780000,0x00000000d7a00000)
 ParOldGen       total 75776K, used 75369K [0x0000000080000000, 0x0000000084a00000, 0x00000000d5580000)
  object space 75776K, 99% used [0x0000000080000000,0x000000008499a540,0x0000000084a00000)
 Metaspace       used 52894K, committed 54272K, reserved 1114112K
  class space    used 6098K, committed 6656K, reserved 1048576K
}
Event: 16.716 GC heap before
{Heap before GC invocations=32 (full 2):
 PSYoungGen      total 26112K, used 22032K [0x00000000d5580000, 0x00000000d7a00000, 0x0000000100000000)
  eden space 20992K, 100% used [0x00000000d5580000,0x00000000d6a00000,0x00000000d6a00000)
  from space 5120K, 20% used [0x00000000d7080000,0x00000000d7184010,0x00000000d7580000)
  to   space 2560K, 0% used [0x00000000d7780000,0x00000000d7780000,0x00000000d7a00000)
 ParOldGen       total 75776K, used 75369K [0x0000000080000000, 0x0000000084a00000, 0x00000000d5580000)
  object space 75776K, 99% used [0x0000000080000000,0x000000008499a540,0x0000000084a00000)
 Metaspace       used 54929K, committed 56320K, reserved 1114112K
  class space    used 6387K, committed 6976K, reserved 1048576K
}
Event: 16.719 GC heap after
{Heap after GC invocations=32 (full 2):
 PSYoungGen      total 23040K, used 1989K [0x00000000d5580000, 0x00000000d7980000, 0x0000000100000000)
  eden space 20992K, 0% used [0x00000000d5580000,0x00000000d5580000,0x00000000d6a00000)
  from space 2048K, 97% used [0x00000000d7780000,0x00000000d7971438,0x00000000d7980000)
  to   space 2560K, 0% used [0x00000000d7480000,0x00000000d7480000,0x00000000d7700000)
 ParOldGen       total 76288K, used 76238K [0x0000000080000000, 0x0000000084a80000, 0x00000000d5580000)
  object space 76288K, 99% used [0x0000000080000000,0x0000000084a738c8,0x0000000084a80000)
 Metaspace       used 54929K, committed 56320K, reserved 1114112K
  class space    used 6387K, committed 6976K, reserved 1048576K
}

