# JRE version: OpenJDK Runtime Environment Temurin-21.0.8+9 (21.0.8+9) (build 21.0.8+9-LTS)
# Java VM: OpenJDK 64-Bit Server VM Temurin-21.0.8+9 (21.0.8+9-LTS, mixed mode, sharing, tiered, compressed oops, compressed class ptrs, parallel gc, windows-amd64)
GC Precious Log:
 CardTable entry size: 512
 CPUs: 12 total, 12 available
 Memory: 7525M
 Large Page Support: Disabled
 NUMA Support: Disabled
 Compressed Oops: Enabled (32-bit)
 Alignments: Space 512K, Generation 512K, Heap 2M
 Heap Min Capacity: 100M
 Heap Initial Capacity: 100M
 Heap Max Capacity: 2G
 Pre-touch: Disabled
 Parallel Workers: 10
Heap:
 PSYoungGen      total 13824K, used 8079K [0x00000000d5580000, 0x00000000d6600000, 0x0000000100000000)
  eden space 11264K, 52% used [0x00000000d5580000,0x00000000d5b41228,0x00000000d6080000)
  from space 2560K, 85% used [0x00000000d6380000,0x00000000d65a2cf8,0x00000000d6600000)
  to   space 2560K, 0% used [0x00000000d6100000,0x00000000d6100000,0x00000000d6380000)
 ParOldGen       total 145408K, used 145157K [0x0000000080000000, 0x0000000088e00000, 0x00000000d5580000)
  object space 145408K, 99% used [0x0000000080000000,0x0000000088dc1438,0x0000000088e00000)
 Metaspace       used 48472K, committed 49600K, reserved 1114112K
  class space    used 5186K, committed 5696K, reserved 1048576K
GC Heap History (20 events):
Event: 7.917 GC heap after
{Heap after GC invocations=63 (full 2):
 PSYoungGen      total 9728K, used 1752K [0x00000000d5580000, 0x00000000d6100000, 0x0000000100000000)
  eden space 7680K, 0% used [0x00000000d5580000,0x00000000d5580000,0x00000000d5d00000)
  from space 2048K, 85% used [0x00000000d5d00000,0x00000000d5eb63f0,0x00000000d5f00000)
  to   space 2048K, 0% used [0x00000000d5f00000,0x00000000d5f00000,0x00000000d6100000)
 ParOldGen       total 126464K, used 126225K [0x0000000080000000, 0x0000000087b80000, 0x00000000d5580000)
  object space 126464K, 99% used [0x0000000080000000,0x0000000087b445f0,0x0000000087b80000)
 Metaspace       used 48472K, committed 49600K, reserved 1114112K
  class space    used 5186K, committed 5696K, reserved 1048576K
}
Event: 7.944 GC heap before
{Heap before GC invocations=64 (full 2):
 PSYoungGen      total 9728K, used 9417K [0x00000000d5580000, 0x00000000d6100000, 0x0000000100000000)
  eden space 7680K, 99% used [0x00000000d5580000,0x00000000d5cfc350,0x00000000d5d00000)
  from space 2048K, 85% used [0x00000000d5d00000,0x00000000d5eb63f0,0x00000000d5f00000)
  to   space 2048K, 0% used [0x00000000d5f00000,0x00000000d5f00000,0x00000000d6100000)
 ParOldGen       total 126464K, used 126225K [0x0000000080000000, 0x0000000087b80000, 0x00000000d5580000)
  object space 126464K, 99% used [0x0000000080000000,0x0000000087b445f0,0x0000000087b80000)
 Metaspace       used 48472K, committed 49600K, reserved 1114112K
  class space    used 5186K, committed 5696K, reserved 1048576K
}
Event: 7.946 GC heap after
{Heap after GC invocations=64 (full 2):
 PSYoungGen      total 9728K, used 1995K [0x00000000d5580000, 0x00000000d6100000, 0x0000000100000000)
  eden space 7680K, 0% used [0x00000000d5580000,0x00000000d5580000,0x00000000d5d00000)
  from space 2048K, 97% used [0x00000000d5f00000,0x00000000d60f2ce0,0x00000000d6100000)
  to   space 2048K, 0% used [0x00000000d5d00000,0x00000000d5d00000,0x00000000d5f00000)
 ParOldGen       total 128000K, used 127817K [0x0000000080000000, 0x0000000087d00000, 0x00000000d5580000)
  object space 128000K, 99% used [0x0000000080000000,0x0000000087cd2748,0x0000000087d00000)
 Metaspace       used 48472K, committed 49600K, reserved 1114112K
  class space    used 5186K, committed 5696K, reserved 1048576K
}
Event: 7.964 GC heap before
{Heap before GC invocations=65 (full 2):
 PSYoungGen      total 9728K, used 9675K [0x00000000d5580000, 0x00000000d6100000, 0x0000000100000000)
  eden space 7680K, 100% used [0x00000000d5580000,0x00000000d5d00000,0x00000000d5d00000)
  from space 2048K, 97% used [0x00000000d5f00000,0x00000000d60f2ce0,0x00000000d6100000)
  to   space 2048K, 0% used [0x00000000d5d00000,0x00000000d5d00000,0x00000000d5f00000)
 ParOldGen       total 128000K, used 127817K [0x0000000080000000, 0x0000000087d00000, 0x00000000d5580000)
  object space 128000K, 99% used [0x0000000080000000,0x0000000087cd2748,0x0000000087d00000)
 Metaspace       used 48472K, committed 49600K, reserved 1114112K
  class space    used 5186K, committed 5696K, reserved 1048576K
}
Event: 7.966 GC heap after
{Heap after GC invocations=65 (full 2):
 PSYoungGen      total 9728K, used 1867K [0x00000000d5580000, 0x00000000d6100000, 0x0000000100000000)
  eden space 7680K, 0% used [0x00000000d5580000,0x00000000d5580000,0x00000000d5d00000)
  from space 2048K, 91% used [0x00000000d5d00000,0x00000000d5ed2f50,0x00000000d5f00000)
  to   space 2048K, 0% used [0x00000000d5f00000,0x00000000d5f00000,0x00000000d6100000)
 ParOldGen       total 130048K, used 129639K [0x0000000080000000, 0x0000000087f00000, 0x00000000d5580000)
  object space 130048K, 99% used [0x0000000080000000,0x0000000087e99e08,0x0000000087f00000)
 Metaspace       used 48472K, committed 49600K, reserved 1114112K
  class space    used 5186K, committed 5696K, reserved 1048576K
}
Event: 7.988 GC heap before
{Heap before GC invocations=66 (full 2):
 PSYoungGen      total 9728K, used 9547K [0x00000000d5580000, 0x00000000d6100000, 0x0000000100000000)
  eden space 7680K, 100% used [0x00000000d5580000,0x00000000d5d00000,0x00000000d5d00000)
  from space 2048K, 91% used [0x00000000d5d00000,0x00000000d5ed2f50,0x00000000d5f00000)
  to   space 2048K, 0% used [0x00000000d5f00000,0x00000000d5f00000,0x00000000d6100000)
 ParOldGen       total 130048K, used 129639K [0x0000000080000000, 0x0000000087f00000, 0x00000000d5580000)
  object space 130048K, 99% used [0x0000000080000000,0x0000000087e99e08,0x0000000087f00000)
 Metaspace       used 48472K, committed 49600K, reserved 1114112K
  class space    used 5186K, committed 5696K, reserved 1048576K
}
Event: 7.990 GC heap after
{Heap after GC invocations=66 (full 2):
 PSYoungGen      total 9728K, used 1771K [0x00000000d5580000, 0x00000000d6100000, 0x0000000100000000)
  eden space 7680K, 0% used [0x00000000d5580000,0x00000000d5580000,0x00000000d5d00000)
  from space 2048K, 86% used [0x00000000d5f00000,0x00000000d60bad30,0x00000000d6100000)
  to   space 2048K, 0% used [0x00000000d5d00000,0x00000000d5d00000,0x00000000d5f00000)
 ParOldGen       total 131584K, used 131347K [0x0000000080000000, 0x0000000088080000, 0x00000000d5580000)
  object space 131584K, 99% used [0x0000000080000000,0x0000000088044c50,0x0000000088080000)
 Metaspace       used 48472K, committed 49600K, reserved 1114112K
  class space    used 5186K, committed 5696K, reserved 1048576K
}
Event: 8.009 GC heap before
{Heap before GC invocations=67 (full 2):
 PSYoungGen      total 9728K, used 9451K [0x00000000d5580000, 0x00000000d6100000, 0x0000000100000000)
  eden space 7680K, 100% used [0x00000000d5580000,0x00000000d5d00000,0x00000000d5d00000)
  from space 2048K, 86% used [0x00000000d5f00000,0x00000000d60bad30,0x00000000d6100000)
  to   space 2048K, 0% used [0x00000000d5d00000,0x00000000d5d00000,0x00000000d5f00000)
 ParOldGen       total 131584K, used 131347K [0x0000000080000000, 0x0000000088080000, 0x00000000d5580000)
  object space 131584K, 99% used [0x0000000080000000,0x0000000088044c50,0x0000000088080000)
 Metaspace       used 48472K, committed 49600K, reserved 1114112K
  class space    used 5186K, committed 5696K, reserved 1048576K
}
Event: 9.019 GC heap after
{Heap after GC invocations=67 (full 2):
 PSYoungGen      total 9728K, used 1939K [0x00000000d5580000, 0x00000000d6280000, 0x0000000100000000)
  eden space 7680K, 0% used [0x00000000d5580000,0x00000000d5580000,0x00000000d5d00000)
  from space 2048K, 94% used [0x00000000d5d00000,0x00000000d5ee4e60,0x00000000d5f00000)
  to   space 2048K, 0% used [0x00000000d6080000,0x00000000d6080000,0x00000000d6280000)
 ParOldGen       total 133120K, used 133039K [0x0000000080000000, 0x0000000088200000, 0x00000000d5580000)
  object space 133120K, 99% used [0x0000000080000000,0x00000000881ebce0,0x0000000088200000)
 Metaspace       used 48472K, committed 49600K, reserved 1114112K
  class space    used 5186K, committed 5696K, reserved 1048576K
}
Event: 9.034 GC heap before
{Heap before GC invocations=68 (full 2):
 PSYoungGen      total 9728K, used 9619K [0x00000000d5580000, 0x00000000d6280000, 0x0000000100000000)
  eden space 7680K, 100% used [0x00000000d5580000,0x00000000d5d00000,0x00000000d5d00000)
  from space 2048K, 94% used [0x00000000d5d00000,0x00000000d5ee4e60,0x00000000d5f00000)
  to   space 2048K, 0% used [0x00000000d6080000,0x00000000d6080000,0x00000000d6280000)
 ParOldGen       total 133120K, used 133039K [0x0000000080000000, 0x0000000088200000, 0x00000000d5580000)
  object space 133120K, 99% used [0x0000000080000000,0x00000000881ebce0,0x0000000088200000)
 Metaspace       used 48472K, committed 49600K, reserved 1114112K
  class space    used 5186K, committed 5696K, reserved 1048576K
}
Event: 9.036 GC heap after
{Heap after GC invocations=68 (full 2):
 PSYoungGen      total 11264K, used 1791K [0x00000000d5580000, 0x00000000d6280000, 0x0000000100000000)
  eden space 9216K, 0% used [0x00000000d5580000,0x00000000d5580000,0x00000000d5e80000)
  from space 2048K, 87% used [0x00000000d6080000,0x00000000d623fda0,0x00000000d6280000)
  to   space 2048K, 0% used [0x00000000d5e80000,0x00000000d5e80000,0x00000000d6080000)
 ParOldGen       total 135168K, used 134758K [0x0000000080000000, 0x0000000088400000, 0x00000000d5580000)
  object space 135168K, 99% used [0x0000000080000000,0x0000000088399aa8,0x0000000088400000)
 Metaspace       used 48472K, committed 49600K, reserved 1114112K
  class space    used 5186K, committed 5696K, reserved 1048576K
}
Event: 9.068 GC heap before
{Heap before GC invocations=69 (full 2):
 PSYoungGen      total 11264K, used 11000K [0x00000000d5580000, 0x00000000d6280000, 0x0000000100000000)
  eden space 9216K, 99% used [0x00000000d5580000,0x00000000d5e7e600,0x00000000d5e80000)
  from space 2048K, 87% used [0x00000000d6080000,0x00000000d623fda0,0x00000000d6280000)
  to   space 2048K, 0% used [0x00000000d5e80000,0x00000000d5e80000,0x00000000d6080000)
 ParOldGen       total 135168K, used 134758K [0x0000000080000000, 0x0000000088400000, 0x00000000d5580000)
  object space 135168K, 99% used [0x0000000080000000,0x0000000088399aa8,0x0000000088400000)
 Metaspace       used 48472K, committed 49600K, reserved 1114112K
  class space    used 5186K, committed 5696K, reserved 1048576K
}
Event: 9.069 GC heap after
{Heap after GC invocations=69 (full 2):
 PSYoungGen      total 11264K, used 2046K [0x00000000d5580000, 0x00000000d6880000, 0x0000000100000000)
  eden space 9216K, 0% used [0x00000000d5580000,0x00000000d5580000,0x00000000d5e80000)
  from space 2048K, 99% used [0x00000000d5e80000,0x00000000d607f8c8,0x00000000d6080000)
  to   space 4096K, 0% used [0x00000000d6480000,0x00000000d6480000,0x00000000d6880000)
 ParOldGen       total 136704K, used 136409K [0x0000000080000000, 0x0000000088580000, 0x00000000d5580000)
  object space 136704K, 99% used [0x0000000080000000,0x00000000885365d0,0x0000000088580000)
 Metaspace       used 48472K, committed 49600K, reserved 1114112K
  class space    used 5186K, committed 5696K, reserved 1048576K
}
Event: 9.090 GC heap before
{Heap before GC invocations=70 (full 2):
 PSYoungGen      total 11264K, used 8762K [0x00000000d5580000, 0x00000000d6880000, 0x0000000100000000)
  eden space 9216K, 72% used [0x00000000d5580000,0x00000000d5c0ef90,0x00000000d5e80000)
  from space 2048K, 99% used [0x00000000d5e80000,0x00000000d607f8c8,0x00000000d6080000)
  to   space 4096K, 0% used [0x00000000d6480000,0x00000000d6480000,0x00000000d6880000)
 ParOldGen       total 136704K, used 136409K [0x0000000080000000, 0x0000000088580000, 0x00000000d5580000)
  object space 136704K, 99% used [0x0000000080000000,0x00000000885365d0,0x0000000088580000)
 Metaspace       used 48472K, committed 49600K, reserved 1114112K
  class space    used 5186K, committed 5696K, reserved 1048576K
}
Event: 9.092 GC heap after
{Heap after GC invocations=70 (full 2):
 PSYoungGen      total 11264K, used 1618K [0x00000000d5580000, 0x00000000d6680000, 0x0000000100000000)
  eden space 9216K, 0% used [0x00000000d5580000,0x00000000d5580000,0x00000000d5e80000)
  from space 2048K, 79% used [0x00000000d6480000,0x00000000d6614b10,0x00000000d6680000)
  to   space 2560K, 0% used [0x00000000d6180000,0x00000000d6180000,0x00000000d6400000)
 ParOldGen       total 138752K, used 138387K [0x0000000080000000, 0x0000000088780000, 0x00000000d5580000)
  object space 138752K, 99% used [0x0000000080000000,0x0000000088724e08,0x0000000088780000)
 Metaspace       used 48472K, committed 49600K, reserved 1114112K
  class space    used 5186K, committed 5696K, reserved 1048576K
}
Event: 9.111 GC heap before
{Heap before GC invocations=71 (full 2):
 PSYoungGen      total 11264K, used 10834K [0x00000000d5580000, 0x00000000d6680000, 0x0000000100000000)
  eden space 9216K, 100% used [0x00000000d5580000,0x00000000d5e80000,0x00000000d5e80000)
  from space 2048K, 79% used [0x00000000d6480000,0x00000000d6614b10,0x00000000d6680000)
  to   space 2560K, 0% used [0x00000000d6180000,0x00000000d6180000,0x00000000d6400000)
 ParOldGen       total 138752K, used 138387K [0x0000000080000000, 0x0000000088780000, 0x00000000d5580000)
  object space 138752K, 99% used [0x0000000080000000,0x0000000088724e08,0x0000000088780000)
 Metaspace       used 48472K, committed 49600K, reserved 1114112K
  class space    used 5186K, committed 5696K, reserved 1048576K
}
Event: 9.113 GC heap after
{Heap after GC invocations=71 (full 2):
 PSYoungGen      total 10752K, used 1451K [0x00000000d5580000, 0x00000000d6500000, 0x0000000100000000)
  eden space 9216K, 0% used [0x00000000d5580000,0x00000000d5580000,0x00000000d5e80000)
  from space 1536K, 94% used [0x00000000d6180000,0x00000000d62eaf10,0x00000000d6300000)
  to   space 2048K, 0% used [0x00000000d6300000,0x00000000d6300000,0x00000000d6500000)
 ParOldGen       total 140288K, used 139810K [0x0000000080000000, 0x0000000088900000, 0x00000000d5580000)
  object space 140288K, 99% used [0x0000000080000000,0x0000000088888b38,0x0000000088900000)
 Metaspace       used 48472K, committed 49600K, reserved 1114112K
  class space    used 5186K, committed 5696K, reserved 1048576K
}
Event: 9.141 GC heap before
{Heap before GC invocations=72 (full 2):
 PSYoungGen      total 10752K, used 10667K [0x00000000d5580000, 0x00000000d6500000, 0x0000000100000000)
  eden space 9216K, 100% used [0x00000000d5580000,0x00000000d5e80000,0x00000000d5e80000)
  from space 1536K, 94% used [0x00000000d6180000,0x00000000d62eaf10,0x00000000d6300000)
  to   space 2048K, 0% used [0x00000000d6300000,0x00000000d6300000,0x00000000d6500000)
 ParOldGen       total 140288K, used 139810K [0x0000000080000000, 0x0000000088900000, 0x00000000d5580000)
  object space 140288K, 99% used [0x0000000080000000,0x0000000088888b38,0x0000000088900000)
 Metaspace       used 48472K, committed 49600K, reserved 1114112K
  class space    used 5186K, committed 5696K, reserved 1048576K
}
Event: 9.143 GC heap after
{Heap after GC invocations=72 (full 2):
 PSYoungGen      total 11264K, used 2029K [0x00000000d5580000, 0x00000000d6680000, 0x0000000100000000)
  eden space 9216K, 0% used [0x00000000d5580000,0x00000000d5580000,0x00000000d5e80000)
  from space 2048K, 99% used [0x00000000d6300000,0x00000000d64fb778,0x00000000d6500000)
  to   space 4096K, 0% used [0x00000000d5e80000,0x00000000d5e80000,0x00000000d6280000)
 ParOldGen       total 141312K, used 141172K [0x0000000080000000, 0x0000000088a00000, 0x00000000d5580000)
  object space 141312K, 99% used [0x0000000080000000,0x00000000889dd310,0x0000000088a00000)
 Metaspace       used 48472K, committed 49600K, reserved 1114112K
  class space    used 5186K, committed 5696K, reserved 1048576K
}
Event: 9.175 GC heap before
{Heap before GC invocations=73 (full 2):
 PSYoungGen      total 11264K, used 11245K [0x00000000d5580000, 0x00000000d6680000, 0x0000000100000000)
  eden space 9216K, 100% used [0x00000000d5580000,0x00000000d5e80000,0x00000000d5e80000)
  from space 2048K, 99% used [0x00000000d6300000,0x00000000d64fb778,0x00000000d6500000)
  to   space 4096K, 0% used [0x00000000d5e80000,0x00000000d5e80000,0x00000000d6280000)
 ParOldGen       total 141312K, used 141172K [0x0000000080000000, 0x0000000088a00000, 0x00000000d5580000)
  object space 141312K, 99% used [0x0000000080000000,0x00000000889dd310,0x0000000088a00000)
 Metaspace       used 48472K, committed 49600K, reserved 1114112K
  class space    used 5186K, committed 5696K, reserved 1048576K
}

