# JRE version: OpenJDK Runtime Environment Temurin-21.0.8+9 (21.0.8+9) (build 21.0.8+9-LTS)
# Java VM: OpenJDK 64-Bit Server VM Temurin-21.0.8+9 (21.0.8+9-LTS, mixed mode, sharing, tiered, compressed oops, compressed class ptrs, parallel gc, windows-amd64)
GC Precious Log:
 CardTable entry size: 512
 CPUs: 12 total, 12 available
 Memory: 7525M
 Large Page Support: Disabled
 NUMA Support: Disabled
 Compressed Oops: Enabled (32-bit)
 Alignments: Space 512K, Generation 512K, Heap 2M
 Heap Min Capacity: 100M
 Heap Initial Capacity: 100M
 Heap Max Capacity: 2G
 Pre-touch: Disabled
 Parallel Workers: 10
Heap:
 PSYoungGen      total 4096K, used 2190K [0x00000000d5580000, 0x00000000d5a80000, 0x0000000100000000)
  eden space 3072K, 54% used [0x00000000d5580000,0x00000000d5729718,0x00000000d5880000)
  from space 1024K, 50% used [0x00000000d5880000,0x00000000d5900000,0x00000000d5980000)
  to   space 1024K, 0% used [0x00000000d5980000,0x00000000d5980000,0x00000000d5a80000)
 ParOldGen       total 402944K, used 402843K [0x0000000080000000, 0x0000000098980000, 0x00000000d5580000)
  object space 402944K, 99% used [0x0000000080000000,0x0000000098966dd0,0x0000000098980000)
 Metaspace       used 53696K, committed 54976K, reserved 1114112K
  class space    used 5793K, committed 6336K, reserved 1048576K
GC Heap History (20 events):
Event: 31.982 GC heap after
{Heap after GC invocations=201 (full 2):
 PSYoungGen      total 4096K, used 664K [0x00000000d5580000, 0x00000000d5a80000, 0x0000000100000000)
  eden space 3072K, 0% used [0x00000000d5580000,0x00000000d5580000,0x00000000d5880000)
  from space 1024K, 64% used [0x00000000d5880000,0x00000000d5926008,0x00000000d5980000)
  to   space 1024K, 0% used [0x00000000d5980000,0x00000000d5980000,0x00000000d5a80000)
 ParOldGen       total 397824K, used 397688K [0x0000000080000000, 0x0000000098480000, 0x00000000d5580000)
  object space 397824K, 99% used [0x0000000080000000,0x000000009845e258,0x0000000098480000)
 Metaspace       used 53694K, committed 54976K, reserved 1114112K
  class space    used 5793K, committed 6336K, reserved 1048576K
}
Event: 32.009 GC heap before
{Heap before GC invocations=202 (full 2):
 PSYoungGen      total 4096K, used 3736K [0x00000000d5580000, 0x00000000d5a80000, 0x0000000100000000)
  eden space 3072K, 100% used [0x00000000d5580000,0x00000000d5880000,0x00000000d5880000)
  from space 1024K, 64% used [0x00000000d5880000,0x00000000d5926008,0x00000000d5980000)
  to   space 1024K, 0% used [0x00000000d5980000,0x00000000d5980000,0x00000000d5a80000)
 ParOldGen       total 397824K, used 397688K [0x0000000080000000, 0x0000000098480000, 0x00000000d5580000)
  object space 397824K, 99% used [0x0000000080000000,0x000000009845e258,0x0000000098480000)
 Metaspace       used 53694K, committed 54976K, reserved 1114112K
  class space    used 5793K, committed 6336K, reserved 1048576K
}
Event: 32.011 GC heap after
{Heap after GC invocations=202 (full 2):
 PSYoungGen      total 3072K, used 1022K [0x00000000d5580000, 0x00000000d5c80000, 0x0000000100000000)
  eden space 2048K, 0% used [0x00000000d5580000,0x00000000d5580000,0x00000000d5780000)
  from space 1024K, 99% used [0x00000000d5980000,0x00000000d5a7fa00,0x00000000d5a80000)
  to   space 2048K, 0% used [0x00000000d5780000,0x00000000d5780000,0x00000000d5980000)
 ParOldGen       total 398336K, used 398324K [0x0000000080000000, 0x0000000098500000, 0x00000000d5580000)
  object space 398336K, 99% used [0x0000000080000000,0x00000000984fd270,0x0000000098500000)
 Metaspace       used 53694K, committed 54976K, reserved 1114112K
  class space    used 5793K, committed 6336K, reserved 1048576K
}
Event: 32.110 GC heap before
{Heap before GC invocations=203 (full 2):
 PSYoungGen      total 3072K, used 3070K [0x00000000d5580000, 0x00000000d5c80000, 0x0000000100000000)
  eden space 2048K, 100% used [0x00000000d5580000,0x00000000d5780000,0x00000000d5780000)
  from space 1024K, 99% used [0x00000000d5980000,0x00000000d5a7fa00,0x00000000d5a80000)
  to   space 2048K, 0% used [0x00000000d5780000,0x00000000d5780000,0x00000000d5980000)
 ParOldGen       total 398336K, used 398324K [0x0000000080000000, 0x0000000098500000, 0x00000000d5580000)
  object space 398336K, 99% used [0x0000000080000000,0x00000000984fd270,0x0000000098500000)
 Metaspace       used 53694K, committed 54976K, reserved 1114112K
  class space    used 5793K, committed 6336K, reserved 1048576K
}
Event: 32.112 GC heap after
{Heap after GC invocations=203 (full 2):
 PSYoungGen      total 3584K, used 1163K [0x00000000d5580000, 0x00000000d5a80000, 0x0000000100000000)
  eden space 2048K, 0% used [0x00000000d5580000,0x00000000d5580000,0x00000000d5780000)
  from space 1536K, 75% used [0x00000000d5780000,0x00000000d58a2d00,0x00000000d5900000)
  to   space 1536K, 0% used [0x00000000d5900000,0x00000000d5900000,0x00000000d5a80000)
 ParOldGen       total 398848K, used 398500K [0x0000000080000000, 0x0000000098580000, 0x00000000d5580000)
  object space 398848K, 99% used [0x0000000080000000,0x0000000098529270,0x0000000098580000)
 Metaspace       used 53694K, committed 54976K, reserved 1114112K
  class space    used 5793K, committed 6336K, reserved 1048576K
}
Event: 32.122 GC heap before
{Heap before GC invocations=204 (full 2):
 PSYoungGen      total 3584K, used 3211K [0x00000000d5580000, 0x00000000d5a80000, 0x0000000100000000)
  eden space 2048K, 100% used [0x00000000d5580000,0x00000000d5780000,0x00000000d5780000)
  from space 1536K, 75% used [0x00000000d5780000,0x00000000d58a2d00,0x00000000d5900000)
  to   space 1536K, 0% used [0x00000000d5900000,0x00000000d5900000,0x00000000d5a80000)
 ParOldGen       total 398848K, used 398500K [0x0000000080000000, 0x0000000098580000, 0x00000000d5580000)
  object space 398848K, 99% used [0x0000000080000000,0x0000000098529270,0x0000000098580000)
 Metaspace       used 53694K, committed 54976K, reserved 1114112K
  class space    used 5793K, committed 6336K, reserved 1048576K
}
Event: 32.124 GC heap after
{Heap after GC invocations=204 (full 2):
 PSYoungGen      total 3072K, used 545K [0x00000000d5580000, 0x00000000d5a00000, 0x0000000100000000)
  eden space 2048K, 0% used [0x00000000d5580000,0x00000000d5580000,0x00000000d5780000)
  from space 1024K, 53% used [0x00000000d5900000,0x00000000d5988770,0x00000000d5a00000)
  to   space 1024K, 0% used [0x00000000d5800000,0x00000000d5800000,0x00000000d5900000)
 ParOldGen       total 399872K, used 399484K [0x0000000080000000, 0x0000000098680000, 0x00000000d5580000)
  object space 399872K, 99% used [0x0000000080000000,0x000000009861f3b8,0x0000000098680000)
 Metaspace       used 53694K, committed 54976K, reserved 1114112K
  class space    used 5793K, committed 6336K, reserved 1048576K
}
Event: 32.134 GC heap before
{Heap before GC invocations=205 (full 2):
 PSYoungGen      total 3072K, used 2593K [0x00000000d5580000, 0x00000000d5a00000, 0x0000000100000000)
  eden space 2048K, 100% used [0x00000000d5580000,0x00000000d5780000,0x00000000d5780000)
  from space 1024K, 53% used [0x00000000d5900000,0x00000000d5988770,0x00000000d5a00000)
  to   space 1024K, 0% used [0x00000000d5800000,0x00000000d5800000,0x00000000d5900000)
 ParOldGen       total 399872K, used 399484K [0x0000000080000000, 0x0000000098680000, 0x00000000d5580000)
  object space 399872K, 99% used [0x0000000080000000,0x000000009861f3b8,0x0000000098680000)
 Metaspace       used 53694K, committed 54976K, reserved 1114112K
  class space    used 5793K, committed 6336K, reserved 1048576K
}
Event: 32.136 GC heap after
{Heap after GC invocations=205 (full 2):
 PSYoungGen      total 3072K, used 352K [0x00000000d5580000, 0x00000000d5980000, 0x0000000100000000)
  eden space 2048K, 0% used [0x00000000d5580000,0x00000000d5580000,0x00000000d5780000)
  from space 1024K, 34% used [0x00000000d5800000,0x00000000d5858000,0x00000000d5900000)
  to   space 512K, 0% used [0x00000000d5900000,0x00000000d5900000,0x00000000d5980000)
 ParOldGen       total 399872K, used 399820K [0x0000000080000000, 0x0000000098680000, 0x00000000d5580000)
  object space 399872K, 99% used [0x0000000080000000,0x00000000986733b8,0x0000000098680000)
 Metaspace       used 53694K, committed 54976K, reserved 1114112K
  class space    used 5793K, committed 6336K, reserved 1048576K
}
Event: 32.145 GC heap before
{Heap before GC invocations=206 (full 2):
 PSYoungGen      total 3072K, used 2400K [0x00000000d5580000, 0x00000000d5980000, 0x0000000100000000)
  eden space 2048K, 100% used [0x00000000d5580000,0x00000000d5780000,0x00000000d5780000)
  from space 1024K, 34% used [0x00000000d5800000,0x00000000d5858000,0x00000000d5900000)
  to   space 512K, 0% used [0x00000000d5900000,0x00000000d5900000,0x00000000d5980000)
 ParOldGen       total 399872K, used 399820K [0x0000000080000000, 0x0000000098680000, 0x00000000d5580000)
  object space 399872K, 99% used [0x0000000080000000,0x00000000986733b8,0x0000000098680000)
 Metaspace       used 53694K, committed 54976K, reserved 1114112K
  class space    used 5793K, committed 6336K, reserved 1048576K
}
Event: 32.148 GC heap after
{Heap after GC invocations=206 (full 2):
 PSYoungGen      total 2560K, used 352K [0x00000000d5580000, 0x00000000d5980000, 0x0000000100000000)
  eden space 2048K, 0% used [0x00000000d5580000,0x00000000d5580000,0x00000000d5780000)
  from space 512K, 68% used [0x00000000d5900000,0x00000000d5958000,0x00000000d5980000)
  to   space 512K, 0% used [0x00000000d5880000,0x00000000d5880000,0x00000000d5900000)
 ParOldGen       total 400384K, used 400090K [0x0000000080000000, 0x0000000098700000, 0x00000000d5580000)
  object space 400384K, 99% used [0x0000000080000000,0x00000000986b69c0,0x0000000098700000)
 Metaspace       used 53694K, committed 54976K, reserved 1114112K
  class space    used 5793K, committed 6336K, reserved 1048576K
}
Event: 32.160 GC heap before
{Heap before GC invocations=207 (full 2):
 PSYoungGen      total 2560K, used 2400K [0x00000000d5580000, 0x00000000d5980000, 0x0000000100000000)
  eden space 2048K, 100% used [0x00000000d5580000,0x00000000d5780000,0x00000000d5780000)
  from space 512K, 68% used [0x00000000d5900000,0x00000000d5958000,0x00000000d5980000)
  to   space 512K, 0% used [0x00000000d5880000,0x00000000d5880000,0x00000000d5900000)
 ParOldGen       total 400384K, used 400090K [0x0000000080000000, 0x0000000098700000, 0x00000000d5580000)
  object space 400384K, 99% used [0x0000000080000000,0x00000000986b69c0,0x0000000098700000)
 Metaspace       used 53695K, committed 54976K, reserved 1114112K
  class space    used 5793K, committed 6336K, reserved 1048576K
}
Event: 32.161 GC heap after
{Heap after GC invocations=207 (full 2):
 PSYoungGen      total 2560K, used 475K [0x00000000d5580000, 0x00000000d5980000, 0x0000000100000000)
  eden space 2048K, 0% used [0x00000000d5580000,0x00000000d5580000,0x00000000d5780000)
  from space 512K, 92% used [0x00000000d5880000,0x00000000d58f6c08,0x00000000d5900000)
  to   space 512K, 0% used [0x00000000d5900000,0x00000000d5900000,0x00000000d5980000)
 ParOldGen       total 400384K, used 400314K [0x0000000080000000, 0x0000000098700000, 0x00000000d5580000)
  object space 400384K, 99% used [0x0000000080000000,0x00000000986ee9c0,0x0000000098700000)
 Metaspace       used 53695K, committed 54976K, reserved 1114112K
  class space    used 5793K, committed 6336K, reserved 1048576K
}
Event: 32.174 GC heap before
{Heap before GC invocations=208 (full 2):
 PSYoungGen      total 2560K, used 2510K [0x00000000d5580000, 0x00000000d5980000, 0x0000000100000000)
  eden space 2048K, 99% used [0x00000000d5580000,0x00000000d577ccd0,0x00000000d5780000)
  from space 512K, 92% used [0x00000000d5880000,0x00000000d58f6c08,0x00000000d5900000)
  to   space 512K, 0% used [0x00000000d5900000,0x00000000d5900000,0x00000000d5980000)
 ParOldGen       total 400384K, used 400314K [0x0000000080000000, 0x0000000098700000, 0x00000000d5580000)
  object space 400384K, 99% used [0x0000000080000000,0x00000000986ee9c0,0x0000000098700000)
 Metaspace       used 53695K, committed 54976K, reserved 1114112K
  class space    used 5793K, committed 6336K, reserved 1048576K
}
Event: 32.176 GC heap after
{Heap after GC invocations=208 (full 2):
 PSYoungGen      total 2560K, used 416K [0x00000000d5580000, 0x00000000d5980000, 0x0000000100000000)
  eden space 2048K, 0% used [0x00000000d5580000,0x00000000d5580000,0x00000000d5780000)
  from space 512K, 81% used [0x00000000d5900000,0x00000000d5968000,0x00000000d5980000)
  to   space 512K, 0% used [0x00000000d5880000,0x00000000d5880000,0x00000000d5900000)
 ParOldGen       total 400896K, used 400669K [0x0000000080000000, 0x0000000098780000, 0x00000000d5580000)
  object space 400896K, 99% used [0x0000000080000000,0x00000000987475c8,0x0000000098780000)
 Metaspace       used 53695K, committed 54976K, reserved 1114112K
  class space    used 5793K, committed 6336K, reserved 1048576K
}
Event: 32.189 GC heap before
{Heap before GC invocations=209 (full 2):
 PSYoungGen      total 2560K, used 2464K [0x00000000d5580000, 0x00000000d5980000, 0x0000000100000000)
  eden space 2048K, 100% used [0x00000000d5580000,0x00000000d5780000,0x00000000d5780000)
  from space 512K, 81% used [0x00000000d5900000,0x00000000d5968000,0x00000000d5980000)
  to   space 512K, 0% used [0x00000000d5880000,0x00000000d5880000,0x00000000d5900000)
 ParOldGen       total 400896K, used 400669K [0x0000000080000000, 0x0000000098780000, 0x00000000d5580000)
  object space 400896K, 99% used [0x0000000080000000,0x00000000987475c8,0x0000000098780000)
 Metaspace       used 53695K, committed 54976K, reserved 1114112K
  class space    used 5793K, committed 6336K, reserved 1048576K
}
Event: 32.190 GC heap after
{Heap after GC invocations=209 (full 2):
 PSYoungGen      total 2560K, used 511K [0x00000000d5580000, 0x00000000d5980000, 0x0000000100000000)
  eden space 2048K, 0% used [0x00000000d5580000,0x00000000d5580000,0x00000000d5780000)
  from space 512K, 99% used [0x00000000d5880000,0x00000000d58ffc30,0x00000000d5900000)
  to   space 512K, 0% used [0x00000000d5900000,0x00000000d5900000,0x00000000d5980000)
 ParOldGen       total 401408K, used 400965K [0x0000000080000000, 0x0000000098800000, 0x00000000d5580000)
  object space 401408K, 99% used [0x0000000080000000,0x00000000987915c8,0x0000000098800000)
 Metaspace       used 53695K, committed 54976K, reserved 1114112K
  class space    used 5793K, committed 6336K, reserved 1048576K
}
Event: 32.202 GC heap before
{Heap before GC invocations=210 (full 2):
 PSYoungGen      total 2560K, used 2547K [0x00000000d5580000, 0x00000000d5980000, 0x0000000100000000)
  eden space 2048K, 99% used [0x00000000d5580000,0x00000000d577d198,0x00000000d5780000)
  from space 512K, 99% used [0x00000000d5880000,0x00000000d58ffc30,0x00000000d5900000)
  to   space 512K, 0% used [0x00000000d5900000,0x00000000d5900000,0x00000000d5980000)
 ParOldGen       total 401408K, used 400965K [0x0000000080000000, 0x0000000098800000, 0x00000000d5580000)
  object space 401408K, 99% used [0x0000000080000000,0x00000000987915c8,0x0000000098800000)
 Metaspace       used 53696K, committed 54976K, reserved 1114112K
  class space    used 5793K, committed 6336K, reserved 1048576K
}
Event: 32.204 GC heap after
{Heap after GC invocations=210 (full 2):
 PSYoungGen      total 2560K, used 448K [0x00000000d5580000, 0x00000000d5980000, 0x0000000100000000)
  eden space 2048K, 0% used [0x00000000d5580000,0x00000000d5580000,0x00000000d5780000)
  from space 512K, 87% used [0x00000000d5900000,0x00000000d5970000,0x00000000d5980000)
  to   space 1024K, 0% used [0x00000000d5780000,0x00000000d5780000,0x00000000d5880000)
 ParOldGen       total 401408K, used 401331K [0x0000000080000000, 0x0000000098800000, 0x00000000d5580000)
  object space 401408K, 99% used [0x0000000080000000,0x00000000987ecdd0,0x0000000098800000)
 Metaspace       used 53696K, committed 54976K, reserved 1114112K
  class space    used 5793K, committed 6336K, reserved 1048576K
}
Event: 32.213 GC heap before
{Heap before GC invocations=211 (full 2):
 PSYoungGen      total 2560K, used 2496K [0x00000000d5580000, 0x00000000d5980000, 0x0000000100000000)
  eden space 2048K, 100% used [0x00000000d5580000,0x00000000d5780000,0x00000000d5780000)
  from space 512K, 87% used [0x00000000d5900000,0x00000000d5970000,0x00000000d5980000)
  to   space 1024K, 0% used [0x00000000d5780000,0x00000000d5780000,0x00000000d5880000)
 ParOldGen       total 401408K, used 401331K [0x0000000080000000, 0x0000000098800000, 0x00000000d5580000)
  object space 401408K, 99% used [0x0000000080000000,0x00000000987ecdd0,0x0000000098800000)
 Metaspace       used 53696K, committed 54976K, reserved 1114112K
  class space    used 5793K, committed 6336K, reserved 1048576K
}

