# JRE version: OpenJDK Runtime Environment Temurin-21.0.8+9 (21.0.8+9) (build 21.0.8+9-LTS)
# Java VM: OpenJDK 64-Bit Server VM Temurin-21.0.8+9 (21.0.8+9-LTS, mixed mode, sharing, tiered, compressed oops, compressed class ptrs, parallel gc, windows-amd64)
GC Precious Log:
 CardTable entry size: 512
 CPUs: 12 total, 12 available
 Memory: 7525M
 Large Page Support: Disabled
 NUMA Support: Disabled
 Compressed Oops: Enabled (32-bit)
 Alignments: Space 512K, Generation 512K, Heap 2M
 Heap Min Capacity: 100M
 Heap Initial Capacity: 100M
 Heap Max Capacity: 2G
 Pre-touch: Disabled
 Parallel Workers: 10
Heap:
 PSYoungGen      total 17408K, used 3115K [0x00000000d5580000, 0x00000000d6a00000, 0x0000000100000000)
  eden space 13824K, 0% used [0x00000000d5580000,0x00000000d5580000,0x00000000d6300000)
  from space 3584K, 86% used [0x00000000d6680000,0x00000000d698ae38,0x00000000d6a00000)
  to   space 3584K, 0% used [0x00000000d6300000,0x00000000d6300000,0x00000000d6680000)
 ParOldGen       total 217088K, used 217068K [0x0000000080000000, 0x000000008d400000, 0x00000000d5580000)
  object space 217088K, 99% used [0x0000000080000000,0x000000008d3fb3c0,0x000000008d400000)
 Metaspace       used 48470K, committed 49664K, reserved 1114112K
  class space    used 5190K, committed 5760K, reserved 1048576K
GC Heap History (20 events):
Event: 11.808 GC heap after
{Heap after GC invocations=66 (full 2):
 PSYoungGen      total 19968K, used 3377K [0x00000000d5580000, 0x00000000d6c80000, 0x0000000100000000)
  eden space 16384K, 0% used [0x00000000d5580000,0x00000000d5580000,0x00000000d6580000)
  from space 3584K, 94% used [0x00000000d6900000,0x00000000d6c4c678,0x00000000d6c80000)
  to   space 3584K, 0% used [0x00000000d6580000,0x00000000d6580000,0x00000000d6900000)
 ParOldGen       total 185344K, used 185131K [0x0000000080000000, 0x000000008b500000, 0x00000000d5580000)
  object space 185344K, 99% used [0x0000000080000000,0x000000008b4caf50,0x000000008b500000)
 Metaspace       used 48467K, committed 49664K, reserved 1114112K
  class space    used 5190K, committed 5760K, reserved 1048576K
}
Event: 11.856 GC heap before
{Heap before GC invocations=67 (full 2):
 PSYoungGen      total 19968K, used 19761K [0x00000000d5580000, 0x00000000d6c80000, 0x0000000100000000)
  eden space 16384K, 100% used [0x00000000d5580000,0x00000000d6580000,0x00000000d6580000)
  from space 3584K, 94% used [0x00000000d6900000,0x00000000d6c4c678,0x00000000d6c80000)
  to   space 3584K, 0% used [0x00000000d6580000,0x00000000d6580000,0x00000000d6900000)
 ParOldGen       total 185344K, used 185131K [0x0000000080000000, 0x000000008b500000, 0x00000000d5580000)
  object space 185344K, 99% used [0x0000000080000000,0x000000008b4caf50,0x000000008b500000)
 Metaspace       used 48467K, committed 49664K, reserved 1114112K
  class space    used 5190K, committed 5760K, reserved 1048576K
}
Event: 11.859 GC heap after
{Heap after GC invocations=67 (full 2):
 PSYoungGen      total 19968K, used 3568K [0x00000000d5580000, 0x00000000d7480000, 0x0000000100000000)
  eden space 16384K, 0% used [0x00000000d5580000,0x00000000d5580000,0x00000000d6580000)
  from space 3584K, 99% used [0x00000000d6580000,0x00000000d68fc0d8,0x00000000d6900000)
  to   space 7680K, 0% used [0x00000000d6d00000,0x00000000d6d00000,0x00000000d7480000)
 ParOldGen       total 188416K, used 188343K [0x0000000080000000, 0x000000008b800000, 0x00000000d5580000)
  object space 188416K, 99% used [0x0000000080000000,0x000000008b7edc88,0x000000008b800000)
 Metaspace       used 48467K, committed 49664K, reserved 1114112K
  class space    used 5190K, committed 5760K, reserved 1048576K
}
Event: 11.912 GC heap before
{Heap before GC invocations=68 (full 2):
 PSYoungGen      total 19968K, used 19952K [0x00000000d5580000, 0x00000000d7480000, 0x0000000100000000)
  eden space 16384K, 100% used [0x00000000d5580000,0x00000000d6580000,0x00000000d6580000)
  from space 3584K, 99% used [0x00000000d6580000,0x00000000d68fc0d8,0x00000000d6900000)
  to   space 7680K, 0% used [0x00000000d6d00000,0x00000000d6d00000,0x00000000d7480000)
 ParOldGen       total 188416K, used 188343K [0x0000000080000000, 0x000000008b800000, 0x00000000d5580000)
  object space 188416K, 99% used [0x0000000080000000,0x000000008b7edc88,0x000000008b800000)
 Metaspace       used 48467K, committed 49664K, reserved 1114112K
  class space    used 5190K, committed 5760K, reserved 1048576K
}
Event: 11.916 GC heap after
{Heap after GC invocations=68 (full 2):
 PSYoungGen      total 20480K, used 3715K [0x00000000d5580000, 0x00000000d7100000, 0x0000000100000000)
  eden space 16384K, 0% used [0x00000000d5580000,0x00000000d5580000,0x00000000d6580000)
  from space 4096K, 90% used [0x00000000d6d00000,0x00000000d70a0ed0,0x00000000d7100000)
  to   space 5120K, 0% used [0x00000000d6700000,0x00000000d6700000,0x00000000d6c00000)
 ParOldGen       total 192000K, used 191768K [0x0000000080000000, 0x000000008bb80000, 0x00000000d5580000)
  object space 192000K, 99% used [0x0000000080000000,0x000000008bb46270,0x000000008bb80000)
 Metaspace       used 48467K, committed 49664K, reserved 1114112K
  class space    used 5190K, committed 5760K, reserved 1048576K
}
Event: 11.967 GC heap before
{Heap before GC invocations=69 (full 2):
 PSYoungGen      total 20480K, used 20099K [0x00000000d5580000, 0x00000000d7100000, 0x0000000100000000)
  eden space 16384K, 100% used [0x00000000d5580000,0x00000000d6580000,0x00000000d6580000)
  from space 4096K, 90% used [0x00000000d6d00000,0x00000000d70a0ed0,0x00000000d7100000)
  to   space 5120K, 0% used [0x00000000d6700000,0x00000000d6700000,0x00000000d6c00000)
 ParOldGen       total 192000K, used 191768K [0x0000000080000000, 0x000000008bb80000, 0x00000000d5580000)
  object space 192000K, 99% used [0x0000000080000000,0x000000008bb46270,0x000000008bb80000)
 Metaspace       used 48467K, committed 49664K, reserved 1114112K
  class space    used 5190K, committed 5760K, reserved 1048576K
}
Event: 11.971 GC heap after
{Heap after GC invocations=69 (full 2):
 PSYoungGen      total 20480K, used 3658K [0x00000000d5580000, 0x00000000d6d80000, 0x0000000100000000)
  eden space 16384K, 0% used [0x00000000d5580000,0x00000000d5580000,0x00000000d6580000)
  from space 4096K, 89% used [0x00000000d6700000,0x00000000d6a928a0,0x00000000d6b00000)
  to   space 2560K, 0% used [0x00000000d6b00000,0x00000000d6b00000,0x00000000d6d80000)
 ParOldGen       total 195584K, used 195168K [0x0000000080000000, 0x000000008bf00000, 0x00000000d5580000)
  object space 195584K, 99% used [0x0000000080000000,0x000000008be983c0,0x000000008bf00000)
 Metaspace       used 48467K, committed 49664K, reserved 1114112K
  class space    used 5190K, committed 5760K, reserved 1048576K
}
Event: 12.019 GC heap before
{Heap before GC invocations=70 (full 2):
 PSYoungGen      total 20480K, used 20042K [0x00000000d5580000, 0x00000000d6d80000, 0x0000000100000000)
  eden space 16384K, 100% used [0x00000000d5580000,0x00000000d6580000,0x00000000d6580000)
  from space 4096K, 89% used [0x00000000d6700000,0x00000000d6a928a0,0x00000000d6b00000)
  to   space 2560K, 0% used [0x00000000d6b00000,0x00000000d6b00000,0x00000000d6d80000)
 ParOldGen       total 195584K, used 195168K [0x0000000080000000, 0x000000008bf00000, 0x00000000d5580000)
  object space 195584K, 99% used [0x0000000080000000,0x000000008be983c0,0x000000008bf00000)
 Metaspace       used 48467K, committed 49664K, reserved 1114112K
  class space    used 5190K, committed 5760K, reserved 1048576K
}
Event: 12.022 GC heap after
{Heap after GC invocations=70 (full 2):
 PSYoungGen      total 16384K, used 2528K [0x00000000d5580000, 0x00000000d7580000, 0x0000000100000000)
  eden space 13824K, 0% used [0x00000000d5580000,0x00000000d5580000,0x00000000d6300000)
  from space 2560K, 98% used [0x00000000d6b00000,0x00000000d6d78028,0x00000000d6d80000)
  to   space 8192K, 0% used [0x00000000d6300000,0x00000000d6300000,0x00000000d6b00000)
 ParOldGen       total 200192K, used 199750K [0x0000000080000000, 0x000000008c380000, 0x00000000d5580000)
  object space 200192K, 99% used [0x0000000080000000,0x000000008c311990,0x000000008c380000)
 Metaspace       used 48467K, committed 49664K, reserved 1114112K
  class space    used 5190K, committed 5760K, reserved 1048576K
}
Event: 12.060 GC heap before
{Heap before GC invocations=71 (full 2):
 PSYoungGen      total 16384K, used 16352K [0x00000000d5580000, 0x00000000d7580000, 0x0000000100000000)
  eden space 13824K, 100% used [0x00000000d5580000,0x00000000d6300000,0x00000000d6300000)
  from space 2560K, 98% used [0x00000000d6b00000,0x00000000d6d78028,0x00000000d6d80000)
  to   space 8192K, 0% used [0x00000000d6300000,0x00000000d6300000,0x00000000d6b00000)
 ParOldGen       total 200192K, used 199750K [0x0000000080000000, 0x000000008c380000, 0x00000000d5580000)
  object space 200192K, 99% used [0x0000000080000000,0x000000008c311990,0x000000008c380000)
 Metaspace       used 48469K, committed 49664K, reserved 1114112K
  class space    used 5190K, committed 5760K, reserved 1048576K
}
Event: 12.063 GC heap after
{Heap after GC invocations=71 (full 2):
 PSYoungGen      total 17408K, used 3168K [0x00000000d5580000, 0x00000000d6c00000, 0x0000000100000000)
  eden space 13824K, 0% used [0x00000000d5580000,0x00000000d5580000,0x00000000d6300000)
  from space 3584K, 88% used [0x00000000d6300000,0x00000000d66182b0,0x00000000d6680000)
  to   space 4608K, 0% used [0x00000000d6780000,0x00000000d6780000,0x00000000d6c00000)
 ParOldGen       total 202240K, used 202208K [0x0000000080000000, 0x000000008c580000, 0x00000000d5580000)
  object space 202240K, 99% used [0x0000000080000000,0x000000008c578198,0x000000008c580000)
 Metaspace       used 48469K, committed 49664K, reserved 1114112K
  class space    used 5190K, committed 5760K, reserved 1048576K
}
Event: 12.110 GC heap before
{Heap before GC invocations=72 (full 2):
 PSYoungGen      total 17408K, used 16992K [0x00000000d5580000, 0x00000000d6c00000, 0x0000000100000000)
  eden space 13824K, 100% used [0x00000000d5580000,0x00000000d6300000,0x00000000d6300000)
  from space 3584K, 88% used [0x00000000d6300000,0x00000000d66182b0,0x00000000d6680000)
  to   space 4608K, 0% used [0x00000000d6780000,0x00000000d6780000,0x00000000d6c00000)
 ParOldGen       total 202240K, used 202208K [0x0000000080000000, 0x000000008c580000, 0x00000000d5580000)
  object space 202240K, 99% used [0x0000000080000000,0x000000008c578198,0x000000008c580000)
 Metaspace       used 48470K, committed 49664K, reserved 1114112K
  class space    used 5190K, committed 5760K, reserved 1048576K
}
Event: 12.113 GC heap after
{Heap after GC invocations=72 (full 2):
 PSYoungGen      total 17408K, used 3073K [0x00000000d5580000, 0x00000000d6b00000, 0x0000000100000000)
  eden space 13824K, 0% used [0x00000000d5580000,0x00000000d5580000,0x00000000d6300000)
  from space 3584K, 85% used [0x00000000d6780000,0x00000000d6a806a0,0x00000000d6b00000)
  to   space 3584K, 0% used [0x00000000d6300000,0x00000000d6300000,0x00000000d6680000)
 ParOldGen       total 205312K, used 205198K [0x0000000080000000, 0x000000008c880000, 0x00000000d5580000)
  object space 205312K, 99% used [0x0000000080000000,0x000000008c863920,0x000000008c880000)
 Metaspace       used 48470K, committed 49664K, reserved 1114112K
  class space    used 5190K, committed 5760K, reserved 1048576K
}
Event: 12.159 GC heap before
{Heap before GC invocations=73 (full 2):
 PSYoungGen      total 17408K, used 16897K [0x00000000d5580000, 0x00000000d6b00000, 0x0000000100000000)
  eden space 13824K, 100% used [0x00000000d5580000,0x00000000d6300000,0x00000000d6300000)
  from space 3584K, 85% used [0x00000000d6780000,0x00000000d6a806a0,0x00000000d6b00000)
  to   space 3584K, 0% used [0x00000000d6300000,0x00000000d6300000,0x00000000d6680000)
 ParOldGen       total 205312K, used 205198K [0x0000000080000000, 0x000000008c880000, 0x00000000d5580000)
  object space 205312K, 99% used [0x0000000080000000,0x000000008c863920,0x000000008c880000)
 Metaspace       used 48470K, committed 49664K, reserved 1114112K
  class space    used 5190K, committed 5760K, reserved 1048576K
}
Event: 12.162 GC heap after
{Heap after GC invocations=73 (full 2):
 PSYoungGen      total 17408K, used 3072K [0x00000000d5580000, 0x00000000d6a00000, 0x0000000100000000)
  eden space 13824K, 0% used [0x00000000d5580000,0x00000000d5580000,0x00000000d6300000)
  from space 3584K, 85% used [0x00000000d6300000,0x00000000d6600070,0x00000000d6680000)
  to   space 3584K, 0% used [0x00000000d6680000,0x00000000d6680000,0x00000000d6a00000)
 ParOldGen       total 208384K, used 208032K [0x0000000080000000, 0x000000008cb80000, 0x00000000d5580000)
  object space 208384K, 99% used [0x0000000080000000,0x000000008cb28320,0x000000008cb80000)
 Metaspace       used 48470K, committed 49664K, reserved 1114112K
  class space    used 5190K, committed 5760K, reserved 1048576K
}
Event: 12.211 GC heap before
{Heap before GC invocations=74 (full 2):
 PSYoungGen      total 17408K, used 16896K [0x00000000d5580000, 0x00000000d6a00000, 0x0000000100000000)
  eden space 13824K, 100% used [0x00000000d5580000,0x00000000d6300000,0x00000000d6300000)
  from space 3584K, 85% used [0x00000000d6300000,0x00000000d6600070,0x00000000d6680000)
  to   space 3584K, 0% used [0x00000000d6680000,0x00000000d6680000,0x00000000d6a00000)
 ParOldGen       total 208384K, used 208032K [0x0000000080000000, 0x000000008cb80000, 0x00000000d5580000)
  object space 208384K, 99% used [0x0000000080000000,0x000000008cb28320,0x000000008cb80000)
 Metaspace       used 48470K, committed 49664K, reserved 1114112K
  class space    used 5190K, committed 5760K, reserved 1048576K
}
Event: 12.214 GC heap after
{Heap after GC invocations=74 (full 2):
 PSYoungGen      total 17408K, used 3124K [0x00000000d5580000, 0x00000000d6a00000, 0x0000000100000000)
  eden space 13824K, 0% used [0x00000000d5580000,0x00000000d5580000,0x00000000d6300000)
  from space 3584K, 87% used [0x00000000d6680000,0x00000000d698d3e0,0x00000000d6a00000)
  to   space 3584K, 0% used [0x00000000d6300000,0x00000000d6300000,0x00000000d6680000)
 ParOldGen       total 211456K, used 210953K [0x0000000080000000, 0x000000008ce80000, 0x00000000d5580000)
  object space 211456K, 99% used [0x0000000080000000,0x000000008ce02660,0x000000008ce80000)
 Metaspace       used 48470K, committed 49664K, reserved 1114112K
  class space    used 5190K, committed 5760K, reserved 1048576K
}
Event: 12.266 GC heap before
{Heap before GC invocations=75 (full 2):
 PSYoungGen      total 17408K, used 16948K [0x00000000d5580000, 0x00000000d6a00000, 0x0000000100000000)
  eden space 13824K, 100% used [0x00000000d5580000,0x00000000d6300000,0x00000000d6300000)
  from space 3584K, 87% used [0x00000000d6680000,0x00000000d698d3e0,0x00000000d6a00000)
  to   space 3584K, 0% used [0x00000000d6300000,0x00000000d6300000,0x00000000d6680000)
 ParOldGen       total 211456K, used 210953K [0x0000000080000000, 0x000000008ce80000, 0x00000000d5580000)
  object space 211456K, 99% used [0x0000000080000000,0x000000008ce02660,0x000000008ce80000)
 Metaspace       used 48470K, committed 49664K, reserved 1114112K
  class space    used 5190K, committed 5760K, reserved 1048576K
}
Event: 12.269 GC heap after
{Heap after GC invocations=75 (full 2):
 PSYoungGen      total 17408K, used 3321K [0x00000000d5580000, 0x00000000d6a00000, 0x0000000100000000)
  eden space 13824K, 0% used [0x00000000d5580000,0x00000000d5580000,0x00000000d6300000)
  from space 3584K, 92% used [0x00000000d6300000,0x00000000d663e410,0x00000000d6680000)
  to   space 3584K, 0% used [0x00000000d6680000,0x00000000d6680000,0x00000000d6a00000)
 ParOldGen       total 214016K, used 213901K [0x0000000080000000, 0x000000008d100000, 0x00000000d5580000)
  object space 214016K, 99% used [0x0000000080000000,0x000000008d0e35b8,0x000000008d100000)
 Metaspace       used 48470K, committed 49664K, reserved 1114112K
  class space    used 5190K, committed 5760K, reserved 1048576K
}
Event: 12.319 GC heap before
{Heap before GC invocations=76 (full 2):
 PSYoungGen      total 17408K, used 17145K [0x00000000d5580000, 0x00000000d6a00000, 0x0000000100000000)
  eden space 13824K, 100% used [0x00000000d5580000,0x00000000d6300000,0x00000000d6300000)
  from space 3584K, 92% used [0x00000000d6300000,0x00000000d663e410,0x00000000d6680000)
  to   space 3584K, 0% used [0x00000000d6680000,0x00000000d6680000,0x00000000d6a00000)
 ParOldGen       total 214016K, used 213901K [0x0000000080000000, 0x000000008d100000, 0x00000000d5580000)
  object space 214016K, 99% used [0x0000000080000000,0x000000008d0e35b8,0x000000008d100000)
 Metaspace       used 48470K, committed 49664K, reserved 1114112K
  class space    used 5190K, committed 5760K, reserved 1048576K
}

