# JRE version: OpenJDK Runtime Environment Temurin-21.0.8+9 (21.0.8+9) (build 21.0.8+9-LTS)
# Java VM: OpenJDK 64-Bit Server VM Temurin-21.0.8+9 (21.0.8+9-LTS, mixed mode, sharing, tiered, compressed oops, compressed class ptrs, parallel gc, windows-amd64)
GC Precious Log:
 CardTable entry size: 512
 CPUs: 12 total, 12 available
 Memory: 7525M
 Large Page Support: Disabled
 NUMA Support: Disabled
 Compressed Oops: Enabled (32-bit)
 Alignments: Space 512K, Generation 512K, Heap 2M
 Heap Min Capacity: 100M
 Heap Initial Capacity: 100M
 Heap Max Capacity: 2G
 Pre-touch: Disabled
 Parallel Workers: 10
Heap:
 PSYoungGen      total 6656K, used 6467K [0x00000000d5580000, 0x00000000d5d80000, 0x0000000100000000)
  eden space 5120K, 100% used [0x00000000d5580000,0x00000000d5a80000,0x00000000d5a80000)
  from space 1536K, 87% used [0x00000000d5c00000,0x00000000d5d50e30,0x00000000d5d80000)
  to   space 1536K, 19% used [0x00000000d5a80000,0x00000000d5acc398,0x00000000d5c00000)
 ParOldGen       total 148480K, used 148477K [0x0000000080000000, 0x0000000089100000, 0x00000000d5580000)
  object space 148480K, 99% used [0x0000000080000000,0x00000000890ff420,0x0000000089100000)
 Metaspace       used 48513K, committed 49664K, reserved 1114112K
  class space    used 5192K, committed 5696K, reserved 1048576K
GC Heap History (20 events):
Event: 7.875 GC heap after
{Heap after GC invocations=67 (full 2):
 PSYoungGen      total 6656K, used 1251K [0x00000000d5580000, 0x00000000d5d80000, 0x0000000100000000)
  eden space 5120K, 0% used [0x00000000d5580000,0x00000000d5580000,0x00000000d5a80000)
  from space 1536K, 81% used [0x00000000d5a80000,0x00000000d5bb8e58,0x00000000d5c00000)
  to   space 1536K, 0% used [0x00000000d5c00000,0x00000000d5c00000,0x00000000d5d80000)
 ParOldGen       total 138240K, used 138022K [0x0000000080000000, 0x0000000088700000, 0x00000000d5580000)
  object space 138240K, 99% used [0x0000000080000000,0x00000000886c9ab8,0x0000000088700000)
 Metaspace       used 48513K, committed 49664K, reserved 1114112K
  class space    used 5192K, committed 5696K, reserved 1048576K
}
Event: 7.896 GC heap before
{Heap before GC invocations=68 (full 2):
 PSYoungGen      total 6656K, used 6371K [0x00000000d5580000, 0x00000000d5d80000, 0x0000000100000000)
  eden space 5120K, 100% used [0x00000000d5580000,0x00000000d5a80000,0x00000000d5a80000)
  from space 1536K, 81% used [0x00000000d5a80000,0x00000000d5bb8e58,0x00000000d5c00000)
  to   space 1536K, 0% used [0x00000000d5c00000,0x00000000d5c00000,0x00000000d5d80000)
 ParOldGen       total 138240K, used 138022K [0x0000000080000000, 0x0000000088700000, 0x00000000d5580000)
  object space 138240K, 99% used [0x0000000080000000,0x00000000886c9ab8,0x0000000088700000)
 Metaspace       used 48513K, committed 49664K, reserved 1114112K
  class space    used 5192K, committed 5696K, reserved 1048576K
}
Event: 7.898 GC heap after
{Heap after GC invocations=68 (full 2):
 PSYoungGen      total 6656K, used 1278K [0x00000000d5580000, 0x00000000d5d80000, 0x0000000100000000)
  eden space 5120K, 0% used [0x00000000d5580000,0x00000000d5580000,0x00000000d5a80000)
  from space 1536K, 83% used [0x00000000d5c00000,0x00000000d5d3f978,0x00000000d5d80000)
  to   space 1536K, 0% used [0x00000000d5a80000,0x00000000d5a80000,0x00000000d5c00000)
 ParOldGen       total 139264K, used 139088K [0x0000000080000000, 0x0000000088800000, 0x00000000d5580000)
  object space 139264K, 99% used [0x0000000080000000,0x00000000887d43a0,0x0000000088800000)
 Metaspace       used 48513K, committed 49664K, reserved 1114112K
  class space    used 5192K, committed 5696K, reserved 1048576K
}
Event: 7.920 GC heap before
{Heap before GC invocations=69 (full 2):
 PSYoungGen      total 6656K, used 6398K [0x00000000d5580000, 0x00000000d5d80000, 0x0000000100000000)
  eden space 5120K, 100% used [0x00000000d5580000,0x00000000d5a80000,0x00000000d5a80000)
  from space 1536K, 83% used [0x00000000d5c00000,0x00000000d5d3f978,0x00000000d5d80000)
  to   space 1536K, 0% used [0x00000000d5a80000,0x00000000d5a80000,0x00000000d5c00000)
 ParOldGen       total 139264K, used 139088K [0x0000000080000000, 0x0000000088800000, 0x00000000d5580000)
  object space 139264K, 99% used [0x0000000080000000,0x00000000887d43a0,0x0000000088800000)
 Metaspace       used 48513K, committed 49664K, reserved 1114112K
  class space    used 5192K, committed 5696K, reserved 1048576K
}
Event: 7.921 GC heap after
{Heap after GC invocations=69 (full 2):
 PSYoungGen      total 6656K, used 1214K [0x00000000d5580000, 0x00000000d5d80000, 0x0000000100000000)
  eden space 5120K, 0% used [0x00000000d5580000,0x00000000d5580000,0x00000000d5a80000)
  from space 1536K, 79% used [0x00000000d5a80000,0x00000000d5baf928,0x00000000d5c00000)
  to   space 1536K, 0% used [0x00000000d5c00000,0x00000000d5c00000,0x00000000d5d80000)
 ParOldGen       total 140288K, used 140224K [0x0000000080000000, 0x0000000088900000, 0x00000000d5580000)
  object space 140288K, 99% used [0x0000000080000000,0x00000000888f00a0,0x0000000088900000)
 Metaspace       used 48513K, committed 49664K, reserved 1114112K
  class space    used 5192K, committed 5696K, reserved 1048576K
}
Event: 7.944 GC heap before
{Heap before GC invocations=70 (full 2):
 PSYoungGen      total 6656K, used 6334K [0x00000000d5580000, 0x00000000d5d80000, 0x0000000100000000)
  eden space 5120K, 100% used [0x00000000d5580000,0x00000000d5a80000,0x00000000d5a80000)
  from space 1536K, 79% used [0x00000000d5a80000,0x00000000d5baf928,0x00000000d5c00000)
  to   space 1536K, 0% used [0x00000000d5c00000,0x00000000d5c00000,0x00000000d5d80000)
 ParOldGen       total 140288K, used 140224K [0x0000000080000000, 0x0000000088900000, 0x00000000d5580000)
  object space 140288K, 99% used [0x0000000080000000,0x00000000888f00a0,0x0000000088900000)
 Metaspace       used 48513K, committed 49664K, reserved 1114112K
  class space    used 5192K, committed 5696K, reserved 1048576K
}
Event: 7.946 GC heap after
{Heap after GC invocations=70 (full 2):
 PSYoungGen      total 6656K, used 1419K [0x00000000d5580000, 0x00000000d5d80000, 0x0000000100000000)
  eden space 5120K, 0% used [0x00000000d5580000,0x00000000d5580000,0x00000000d5a80000)
  from space 1536K, 92% used [0x00000000d5c00000,0x00000000d5d62c68,0x00000000d5d80000)
  to   space 1536K, 0% used [0x00000000d5a80000,0x00000000d5a80000,0x00000000d5c00000)
 ParOldGen       total 141824K, used 141316K [0x0000000080000000, 0x0000000088a80000, 0x00000000d5580000)
  object space 141824K, 99% used [0x0000000080000000,0x0000000088a01128,0x0000000088a80000)
 Metaspace       used 48513K, committed 49664K, reserved 1114112K
  class space    used 5192K, committed 5696K, reserved 1048576K
}
Event: 7.966 GC heap before
{Heap before GC invocations=71 (full 2):
 PSYoungGen      total 6656K, used 6539K [0x00000000d5580000, 0x00000000d5d80000, 0x0000000100000000)
  eden space 5120K, 100% used [0x00000000d5580000,0x00000000d5a80000,0x00000000d5a80000)
  from space 1536K, 92% used [0x00000000d5c00000,0x00000000d5d62c68,0x00000000d5d80000)
  to   space 1536K, 0% used [0x00000000d5a80000,0x00000000d5a80000,0x00000000d5c00000)
 ParOldGen       total 141824K, used 141316K [0x0000000080000000, 0x0000000088a80000, 0x00000000d5580000)
  object space 141824K, 99% used [0x0000000080000000,0x0000000088a01128,0x0000000088a80000)
 Metaspace       used 48513K, committed 49664K, reserved 1114112K
  class space    used 5192K, committed 5696K, reserved 1048576K
}
Event: 7.968 GC heap after
{Heap after GC invocations=71 (full 2):
 PSYoungGen      total 6656K, used 1311K [0x00000000d5580000, 0x00000000d5d80000, 0x0000000100000000)
  eden space 5120K, 0% used [0x00000000d5580000,0x00000000d5580000,0x00000000d5a80000)
  from space 1536K, 85% used [0x00000000d5a80000,0x00000000d5bc7cf0,0x00000000d5c00000)
  to   space 1536K, 0% used [0x00000000d5c00000,0x00000000d5c00000,0x00000000d5d80000)
 ParOldGen       total 142848K, used 142594K [0x0000000080000000, 0x0000000088b80000, 0x00000000d5580000)
  object space 142848K, 99% used [0x0000000080000000,0x0000000088b40960,0x0000000088b80000)
 Metaspace       used 48513K, committed 49664K, reserved 1114112K
  class space    used 5192K, committed 5696K, reserved 1048576K
}
Event: 7.991 GC heap before
{Heap before GC invocations=72 (full 2):
 PSYoungGen      total 6656K, used 6431K [0x00000000d5580000, 0x00000000d5d80000, 0x0000000100000000)
  eden space 5120K, 100% used [0x00000000d5580000,0x00000000d5a80000,0x00000000d5a80000)
  from space 1536K, 85% used [0x00000000d5a80000,0x00000000d5bc7cf0,0x00000000d5c00000)
  to   space 1536K, 0% used [0x00000000d5c00000,0x00000000d5c00000,0x00000000d5d80000)
 ParOldGen       total 142848K, used 142594K [0x0000000080000000, 0x0000000088b80000, 0x00000000d5580000)
  object space 142848K, 99% used [0x0000000080000000,0x0000000088b40960,0x0000000088b80000)
 Metaspace       used 48513K, committed 49664K, reserved 1114112K
  class space    used 5192K, committed 5696K, reserved 1048576K
}
Event: 8.005 GC heap after
{Heap after GC invocations=72 (full 2):
 PSYoungGen      total 6656K, used 1294K [0x00000000d5580000, 0x00000000d5d80000, 0x0000000100000000)
  eden space 5120K, 0% used [0x00000000d5580000,0x00000000d5580000,0x00000000d5a80000)
  from space 1536K, 84% used [0x00000000d5c00000,0x00000000d5d43828,0x00000000d5d80000)
  to   space 1536K, 0% used [0x00000000d5a80000,0x00000000d5a80000,0x00000000d5c00000)
 ParOldGen       total 143872K, used 143737K [0x0000000080000000, 0x0000000088c80000, 0x00000000d5580000)
  object space 143872K, 99% used [0x0000000080000000,0x0000000088c5e6a0,0x0000000088c80000)
 Metaspace       used 48513K, committed 49664K, reserved 1114112K
  class space    used 5192K, committed 5696K, reserved 1048576K
}
Event: 8.025 GC heap before
{Heap before GC invocations=73 (full 2):
 PSYoungGen      total 6656K, used 6414K [0x00000000d5580000, 0x00000000d5d80000, 0x0000000100000000)
  eden space 5120K, 100% used [0x00000000d5580000,0x00000000d5a80000,0x00000000d5a80000)
  from space 1536K, 84% used [0x00000000d5c00000,0x00000000d5d43828,0x00000000d5d80000)
  to   space 1536K, 0% used [0x00000000d5a80000,0x00000000d5a80000,0x00000000d5c00000)
 ParOldGen       total 143872K, used 143737K [0x0000000080000000, 0x0000000088c80000, 0x00000000d5580000)
  object space 143872K, 99% used [0x0000000080000000,0x0000000088c5e6a0,0x0000000088c80000)
 Metaspace       used 48513K, committed 49664K, reserved 1114112K
  class space    used 5192K, committed 5696K, reserved 1048576K
}
Event: 8.027 GC heap after
{Heap after GC invocations=73 (full 2):
 PSYoungGen      total 6656K, used 1262K [0x00000000d5580000, 0x00000000d5d80000, 0x0000000100000000)
  eden space 5120K, 0% used [0x00000000d5580000,0x00000000d5580000,0x00000000d5a80000)
  from space 1536K, 82% used [0x00000000d5a80000,0x00000000d5bbbb68,0x00000000d5c00000)
  to   space 1536K, 0% used [0x00000000d5c00000,0x00000000d5c00000,0x00000000d5d80000)
 ParOldGen       total 144896K, used 144878K [0x0000000080000000, 0x0000000088d80000, 0x00000000d5580000)
  object space 144896K, 99% used [0x0000000080000000,0x0000000088d7b838,0x0000000088d80000)
 Metaspace       used 48513K, committed 49664K, reserved 1114112K
  class space    used 5192K, committed 5696K, reserved 1048576K
}
Event: 8.047 GC heap before
{Heap before GC invocations=74 (full 2):
 PSYoungGen      total 6656K, used 6382K [0x00000000d5580000, 0x00000000d5d80000, 0x0000000100000000)
  eden space 5120K, 100% used [0x00000000d5580000,0x00000000d5a80000,0x00000000d5a80000)
  from space 1536K, 82% used [0x00000000d5a80000,0x00000000d5bbbb68,0x00000000d5c00000)
  to   space 1536K, 0% used [0x00000000d5c00000,0x00000000d5c00000,0x00000000d5d80000)
 ParOldGen       total 144896K, used 144878K [0x0000000080000000, 0x0000000088d80000, 0x00000000d5580000)
  object space 144896K, 99% used [0x0000000080000000,0x0000000088d7b838,0x0000000088d80000)
 Metaspace       used 48513K, committed 49664K, reserved 1114112K
  class space    used 5192K, committed 5696K, reserved 1048576K
}
Event: 8.049 GC heap after
{Heap after GC invocations=74 (full 2):
 PSYoungGen      total 6656K, used 1285K [0x00000000d5580000, 0x00000000d5d80000, 0x0000000100000000)
  eden space 5120K, 0% used [0x00000000d5580000,0x00000000d5580000,0x00000000d5a80000)
  from space 1536K, 83% used [0x00000000d5c00000,0x00000000d5d41478,0x00000000d5d80000)
  to   space 1536K, 0% used [0x00000000d5a80000,0x00000000d5a80000,0x00000000d5c00000)
 ParOldGen       total 146432K, used 146022K [0x0000000080000000, 0x0000000088f00000, 0x00000000d5580000)
  object space 146432K, 99% used [0x0000000080000000,0x0000000088e99a40,0x0000000088f00000)
 Metaspace       used 48513K, committed 49664K, reserved 1114112K
  class space    used 5192K, committed 5696K, reserved 1048576K
}
Event: 8.069 GC heap before
{Heap before GC invocations=75 (full 2):
 PSYoungGen      total 6656K, used 6405K [0x00000000d5580000, 0x00000000d5d80000, 0x0000000100000000)
  eden space 5120K, 100% used [0x00000000d5580000,0x00000000d5a80000,0x00000000d5a80000)
  from space 1536K, 83% used [0x00000000d5c00000,0x00000000d5d41478,0x00000000d5d80000)
  to   space 1536K, 0% used [0x00000000d5a80000,0x00000000d5a80000,0x00000000d5c00000)
 ParOldGen       total 146432K, used 146022K [0x0000000080000000, 0x0000000088f00000, 0x00000000d5580000)
  object space 146432K, 99% used [0x0000000080000000,0x0000000088e99a40,0x0000000088f00000)
 Metaspace       used 48513K, committed 49664K, reserved 1114112K
  class space    used 5192K, committed 5696K, reserved 1048576K
}
Event: 8.071 GC heap after
{Heap after GC invocations=75 (full 2):
 PSYoungGen      total 6656K, used 1364K [0x00000000d5580000, 0x00000000d5d80000, 0x0000000100000000)
  eden space 5120K, 0% used [0x00000000d5580000,0x00000000d5580000,0x00000000d5a80000)
  from space 1536K, 88% used [0x00000000d5a80000,0x00000000d5bd5150,0x00000000d5c00000)
  to   space 1536K, 0% used [0x00000000d5c00000,0x00000000d5c00000,0x00000000d5d80000)
 ParOldGen       total 147456K, used 147186K [0x0000000080000000, 0x0000000089000000, 0x00000000d5580000)
  object space 147456K, 99% used [0x0000000080000000,0x0000000088fbc890,0x0000000089000000)
 Metaspace       used 48513K, committed 49664K, reserved 1114112K
  class space    used 5192K, committed 5696K, reserved 1048576K
}
Event: 8.089 GC heap before
{Heap before GC invocations=76 (full 2):
 PSYoungGen      total 6656K, used 6484K [0x00000000d5580000, 0x00000000d5d80000, 0x0000000100000000)
  eden space 5120K, 100% used [0x00000000d5580000,0x00000000d5a80000,0x00000000d5a80000)
  from space 1536K, 88% used [0x00000000d5a80000,0x00000000d5bd5150,0x00000000d5c00000)
  to   space 1536K, 0% used [0x00000000d5c00000,0x00000000d5c00000,0x00000000d5d80000)
 ParOldGen       total 147456K, used 147186K [0x0000000080000000, 0x0000000089000000, 0x00000000d5580000)
  object space 147456K, 99% used [0x0000000080000000,0x0000000088fbc890,0x0000000089000000)
 Metaspace       used 48513K, committed 49664K, reserved 1114112K
  class space    used 5192K, committed 5696K, reserved 1048576K
}
Event: 8.091 GC heap after
{Heap after GC invocations=76 (full 2):
 PSYoungGen      total 6656K, used 1347K [0x00000000d5580000, 0x00000000d5d80000, 0x0000000100000000)
  eden space 5120K, 0% used [0x00000000d5580000,0x00000000d5580000,0x00000000d5a80000)
  from space 1536K, 87% used [0x00000000d5c00000,0x00000000d5d50e30,0x00000000d5d80000)
  to   space 1536K, 0% used [0x00000000d5a80000,0x00000000d5a80000,0x00000000d5c00000)
 ParOldGen       total 148480K, used 148365K [0x0000000080000000, 0x0000000089100000, 0x00000000d5580000)
  object space 148480K, 99% used [0x0000000080000000,0x00000000890e3420,0x0000000089100000)
 Metaspace       used 48513K, committed 49664K, reserved 1114112K
  class space    used 5192K, committed 5696K, reserved 1048576K
}
Event: 8.111 GC heap before
{Heap before GC invocations=77 (full 2):
 PSYoungGen      total 6656K, used 6467K [0x00000000d5580000, 0x00000000d5d80000, 0x0000000100000000)
  eden space 5120K, 100% used [0x00000000d5580000,0x00000000d5a80000,0x00000000d5a80000)
  from space 1536K, 87% used [0x00000000d5c00000,0x00000000d5d50e30,0x00000000d5d80000)
  to   space 1536K, 0% used [0x00000000d5a80000,0x00000000d5a80000,0x00000000d5c00000)
 ParOldGen       total 148480K, used 148365K [0x0000000080000000, 0x0000000089100000, 0x00000000d5580000)
  object space 148480K, 99% used [0x0000000080000000,0x00000000890e3420,0x0000000089100000)
 Metaspace       used 48513K, committed 49664K, reserved 1114112K
  class space    used 5192K, committed 5696K, reserved 1048576K
}

